#
# A fatal error has been detected by the Java Runtime Environment:
#
#  EXCEPTION_ACCESS_VIOLATION (0xc0000005) at pc=0x00007ffb8d9d6c1f, pid=14200, tid=11652
#
# JRE version: Java(TM) SE Runtime Environment (16.0+36) (build 16+36-2231)
# Java VM: Java HotSpot(TM) 64-Bit Server VM (16+36-2231, mixed mode, sharing, tiered, compressed oops, g1 gc, windows-amd64)
# Problematic frame:
# C  [ntdll.dll+0xa6c1f]
#
# No core dump will be written. Minidumps are not enabled by default on client versions of Windows
#
# If you would like to submit a bug report, please visit:
#   https://bugreport.java.com/bugreport/crash.jsp
# The crash happened outside the Java Virtual Machine in native code.
# See problematic frame for where to report the bug.
#

---------------  S U M M A R Y ------------

Command Line: com.mycompany.projetintegre.JfMain

Host: Intel(R) Core(TM) i5-10400F CPU @ 2.90GHz, 12 cores, 15G,  Windows 10 , 64 bit Build 19041 (10.0.19041.928)
Time: Sat Jun 12 18:24:34 2021 Morocco Standard Time elapsed time: 34658.275574 seconds (0d 9h 37m 38s)

---------------  T H R E A D  ---------------

Current thread (0x000001b07988f760):  JavaThread "AWT-Windows" daemon [_thread_in_native, id=11652, stack(0x0000006d80600000,0x0000006d80700000)]

Stack: [0x0000006d80600000,0x0000006d80700000],  sp=0x0000006d806feb40,  free space=1018k
Native frames: (J=compiled Java code, j=interpreted, Vv=VM code, C=native code)
C  [ntdll.dll+0xa6c1f]
C  [ntdll.dll+0x247b1]
C  [atiumd64.dll+0x9a53a]

Java frames: (J=compiled Java code, j=interpreted, Vv=VM code)
j  sun.awt.windows.WToolkit.eventLoop()V+0 java.desktop@16
j  sun.awt.windows.WToolkit.run()V+50 java.desktop@16
j  java.lang.Thread.run()V+11 java.base@16
v  ~StubRoutines::call_stub

siginfo: EXCEPTION_ACCESS_VIOLATION (0xc0000005), reading address 0x0000000000000018


Register to memory mapping:

RIP=0x00007ffb8d9d6c1f ntdll.dll
RAX=0x00000000a0d37079 is an unknown value
RBX=0x000001b07f6f7930 points into unknown readable memory: 0x000001b07f6733a8 | a8 33 67 7f b0 01 00 00
RCX=0x0 is NULL
RDX=0x0000000000000008 is an unknown value
RSP=0x0000006d806feb40 is pointing into the stack for thread: 0x000001b07988f760
RBP=0x0 is NULL
RSI=0x000001b079b70000 points into unknown readable memory: 0x0000000000000000 | 00 00 00 00 00 00 00 00
RDI=0x0 is NULL
R8 =0x00000000a0d37079 is an unknown value
R9 =0x000001b005436ab8 points into unknown readable memory: 0x0000000000000000 | 00 00 00 00 00 00 00 00
R10=0x0000000000008000 is an unknown value
R11=0x0000006d806febd0 is pointing into the stack for thread: 0x000001b07988f760
R12=0x0 is NULL
R13=0x000001b005ae70e0 points into unknown readable memory: 0x0000000000000002 | 02 00 00 00 00 00 00 00
R14=0x000001b005ae70d0 points into unknown readable memory: 0x000001b005b0ae20 | 20 ae b0 05 b0 01 00 00
R15=0x0000000000000001 is an unknown value


Registers:
RAX=0x00000000a0d37079, RBX=0x000001b07f6f7930, RCX=0x0000000000000000, RDX=0x0000000000000008
RSP=0x0000006d806feb40, RBP=0x0000000000000000, RSI=0x000001b079b70000, RDI=0x0000000000000000
R8 =0x00000000a0d37079, R9 =0x000001b005436ab8, R10=0x0000000000008000, R11=0x0000006d806febd0
R12=0x0000000000000000, R13=0x000001b005ae70e0, R14=0x000001b005ae70d0, R15=0x0000000000000001
RIP=0x00007ffb8d9d6c1f, EFLAGS=0x0000000000010282

Top of Stack: (sp=0x0000006d806feb40)
0x0000006d806feb40:   0000000000000000 0000000000000000
0x0000006d806feb50:   0000000000000000 0000000000000000
0x0000006d806feb60:   000001b0037c3070 00007ffb8d9547b1
0x0000006d806feb70:   000001b07f6f7930 000001b000000008
0x0000006d806feb80:   0000000000000000 000001b005436ab8
0x0000006d806feb90:   0000000000000000 0000000000000000
0x0000006d806feba0:   000001b079af0000 000000005cf7d704
0x0000006d806febb0:   000001b0037c3070 000001b07f630de8
0x0000006d806febc0:   0000000000000000 000001b005ae70e8
0x0000006d806febd0:   0000000000000000 0000000000000000
0x0000006d806febe0:   0000000000000000 0000000000000000
0x0000006d806febf0:   000001b005ae70e0 00007ffb8d9547b1
0x0000006d806fec00:   000001b07acecfa0 000001b079b70000
0x0000006d806fec10:   0000000000000000 0000000000000000
0x0000006d806fec20:   0000000000000000 000001b0037c3070
0x0000006d806fec30:   000001b07cf82238 00007ffb42eba53a 

Instructions: (pc=0x00007ffb8d9d6c1f)
0x00007ffb8d9d6b1f:   f0 0f b7 c0 48 2b c8 0f b7 c2 48 03 c8 eb 07 0f
0x00007ffb8d9d6b2f:   b7 ca 48 c1 e1 04 4a 8d 04 31 49 3b c5 73 27 32
0x00007ffb8d9d6b3f:   db 48 89 7c 24 28 4d 8b cd 4d 8b c6 48 89 7c 24
0x00007ffb8d9d6b4f:   20 48 8b d6 b9 03 00 00 00 e8 cf 71 06 00 84 db
0x00007ffb8d9d6b5f:   0f 84 b2 fe ff ff f7 c5 02 01 00 3c 0f 85 e6 ef
0x00007ffb8d9d6b6f:   f7 ff 41 80 7d ff 05 49 8d 4d f0 75 11 0f b6 41
0x00007ffb8d9d6b7f:   0e 48 c1 e0 04 48 2b c8 48 83 c1 10 eb 03 48 8b
0x00007ffb8d9d6b8f:   cf 48 89 4c 24 20 41 b9 03 00 00 00 41 8b 4d f8
0x00007ffb8d9d6b9f:   4d 8b c5 48 8b d6 e8 2a c6 04 00 85 c0 0f 88 65
0x00007ffb8d9d6baf:   fe ff ff e9 a0 ef f7 ff 44 8b 05 92 4b 0c 00 49
0x00007ffb8d9d6bbf:   8b ce 48 c1 e9 04 41 bf 01 00 00 00 41 33 4e 08
0x00007ffb8d9d6bcf:   33 ce 41 33 c8 66 85 c9 0f 85 09 05 00 00 48 c1
0x00007ffb8d9d6bdf:   e9 0c 49 8b c6 48 2b c1 48 8b 18 48 89 5c 24 30
0x00007ffb8d9d6bef:   48 85 db 0f 84 ee 04 00 00 0f 0d 0b 4c 8b 4b 08
0x00007ffb8d9d6bff:   41 8b 46 0c c1 e8 08 0f b7 d0 48 8b 03 4c 89 4c
0x00007ffb8d9d6c0f:   24 48 89 54 24 38 48 8b 08 41 8b 41 18 41 33 c0
0x00007ffb8d9d6c1f:   4c 8b 51 18 41 33 c2 4c 89 54 24 60 41 33 c1 8b
0x00007ffb8d9d6c2f:   c8 c1 e8 10 0f af c2 0f b7 c9 49 03 c1 48 03 c8
0x00007ffb8d9d6c3f:   49 3b ce 74 09 49 8b 52 18 e9 9c 04 00 00 e8 fe
0x00007ffb8d9d6c4f:   db f7 ff 85 c0 74 19 65 48 8b 04 25 60 00 00 00
0x00007ffb8d9d6c5f:   48 8b 88 90 00 00 00 48 81 c1 26 02 00 00 eb 05
0x00007ffb8d9d6c6f:   b9 80 03 fe 7f 40 38 39 74 2a 65 48 8b 04 25 60
0x00007ffb8d9d6c7f:   00 00 00 44 84 b8 78 03 00 00 74 18 48 8b 4c 24
0x00007ffb8d9d6c8f:   60 49 8d 56 10 41 b8 02 00 00 00 48 8b 49 18 e8
0x00007ffb8d9d6c9f:   95 31 06 00 66 44 39 3c 25 6a 03 fe 7f 44 8b cf
0x00007ffb8d9d6caf:   b8 64 00 00 00 44 8b c7 44 0f 47 c8 41 ba 00 80
0x00007ffb8d9d6cbf:   00 00 eb 05 48 8b 5c 24 30 8b 5b 20 8b c3 48 8b
0x00007ffb8d9d6ccf:   54 24 30 c1 e8 10 66 41 85 c2 75 11 8b cb 8b c3
0x00007ffb8d9d6cdf:   81 c9 00 00 00 80 f0 0f b1 4a 20 74 0d 41 ff c0
0x00007ffb8d9d6cef:   45 3b c1 76 cf bb ff ff ff ff 41 c6 46 0f 80 4c
0x00007ffb8d9d6cff:   8d 42 10 83 fb ff 75 12 49 8d 56 10 49 8b c8 e8
0x00007ffb8d9d6d0f:   cd 9b ff ff 90 e9 67 ee f7 ff 4c 8b 74 24 48 8b 


Stack slot to memory mapping:
stack at sp + 0 slots: 0x0 is NULL
stack at sp + 1 slots: 0x0 is NULL
stack at sp + 2 slots: 0x0 is NULL
stack at sp + 3 slots: 0x0 is NULL
stack at sp + 4 slots: 0x000001b0037c3070 points into unknown readable memory: 0x000000005cfb56c8 | c8 56 fb 5c 00 00 00 00
stack at sp + 5 slots: 0x00007ffb8d9547b1 ntdll.dll
stack at sp + 6 slots: 0x000001b07f6f7930 points into unknown readable memory: 0x000001b07f6733a8 | a8 33 67 7f b0 01 00 00
stack at sp + 7 slots: 0x000001b000000008 points into unknown readable memory: 0x0000ffff00000004 | 04 00 00 00 ff ff 00 00


---------------  P R O C E S S  ---------------

Threads class SMR info:
_java_thread_list=0x000001b07addb490, length=19, elements={
0x000001b078b51560, 0x000001b078b52900, 0x000001b078b640c0, 0x000001b078b66ad0,
0x000001b078b6d4f0, 0x000001b078b91400, 0x000001b078b941f0, 0x000001b078b96cf0,
0x000001b078b99b30, 0x000001b07962cd00, 0x000001b07963a950, 0x000001b079885ca0,
0x000001b079840f60, 0x000001b07988f760, 0x000001b07aaae860, 0x000001b053aca890,
0x000001b001c504f0, 0x000001b0037a0030, 0x000001b001a99f30
}

Java Threads: ( => current thread )
  0x000001b078b51560 JavaThread "Reference Handler" daemon [_thread_blocked, id=7020, stack(0x0000006dff800000,0x0000006dff900000)]
  0x000001b078b52900 JavaThread "Finalizer" daemon [_thread_blocked, id=8892, stack(0x0000006dff900000,0x0000006dffa00000)]
  0x000001b078b640c0 JavaThread "Signal Dispatcher" daemon [_thread_blocked, id=13376, stack(0x0000006dffa00000,0x0000006dffb00000)]
  0x000001b078b66ad0 JavaThread "Attach Listener" daemon [_thread_blocked, id=1088, stack(0x0000006dffb00000,0x0000006dffc00000)]
  0x000001b078b6d4f0 JavaThread "Service Thread" daemon [_thread_blocked, id=14256, stack(0x0000006dffc00000,0x0000006dffd00000)]
  0x000001b078b91400 JavaThread "Monitor Deflation Thread" daemon [_thread_blocked, id=2960, stack(0x0000006dffd00000,0x0000006dffe00000)]
  0x000001b078b941f0 JavaThread "C2 CompilerThread0" daemon [_thread_blocked, id=12376, stack(0x0000006dffe00000,0x0000006dfff00000)]
  0x000001b078b96cf0 JavaThread "C1 CompilerThread0" daemon [_thread_blocked, id=13068, stack(0x0000006dfff00000,0x0000006e00000000)]
  0x000001b078b99b30 JavaThread "Sweeper thread" daemon [_thread_blocked, id=8308, stack(0x0000006d80000000,0x0000006d80100000)]
  0x000001b07962cd00 JavaThread "Notification Thread" daemon [_thread_blocked, id=11984, stack(0x0000006d80100000,0x0000006d80200000)]
  0x000001b07963a950 JavaThread "Common-Cleaner" daemon [_thread_blocked, id=6152, stack(0x0000006d80300000,0x0000006d80400000)]
  0x000001b079885ca0 JavaThread "Java2D Disposer" daemon [_thread_blocked, id=5956, stack(0x0000006d80400000,0x0000006d80500000)]
  0x000001b079840f60 JavaThread "AWT-Shutdown" [_thread_blocked, id=14736, stack(0x0000006d80500000,0x0000006d80600000)]
=>0x000001b07988f760 JavaThread "AWT-Windows" daemon [_thread_in_native, id=11652, stack(0x0000006d80600000,0x0000006d80700000)]
  0x000001b07aaae860 JavaThread "AWT-EventQueue-0" [_thread_blocked, id=13624, stack(0x0000006d81800000,0x0000006d81900000)]
  0x000001b053aca890 JavaThread "DestroyJavaVM" [_thread_blocked, id=2508, stack(0x0000006dff100000,0x0000006dff200000)]
  0x000001b001c504f0 JavaThread "TimerQueue" daemon [_thread_blocked, id=5368, stack(0x0000006d81c00000,0x0000006d81d00000)]
  0x000001b0037a0030 JavaThread "Abandoned connection cleanup thread" daemon [_thread_blocked, id=2468, stack(0x0000006d82000000,0x0000006d82100000)]
  0x000001b001a99f30 JavaThread "ToolkitShutdown" daemon [_thread_in_native, id=12804, stack(0x0000006d80800000,0x0000006d80900000)]

Other Threads:
  0x000001b078b4ced0 VMThread "VM Thread" [stack: 0x0000006dff700000,0x0000006dff800000] [id=11316]
  0x000001b07962e640 WatcherThread [stack: 0x0000006d80200000,0x0000006d80300000] [id=10204]
  0x000001b053b1a560 GCTaskThread "GC Thread#0" [stack: 0x0000006dff200000,0x0000006dff300000] [id=13592]
  0x000001b001f5c700 GCTaskThread "GC Thread#1" [stack: 0x0000006d82100000,0x0000006d82200000] [id=8752]
  0x000001b003130ce0 GCTaskThread "GC Thread#2" [stack: 0x0000006d82200000,0x0000006d82300000] [id=13764]
  0x000001b07acedbe0 GCTaskThread "GC Thread#3" [stack: 0x0000006d82300000,0x0000006d82400000] [id=10944]
  0x000001b07aced2b0 GCTaskThread "GC Thread#4" [stack: 0x0000006d82400000,0x0000006d82500000] [id=4308]
  0x000001b07acedef0 GCTaskThread "GC Thread#5" [stack: 0x0000006d82500000,0x0000006d82600000] [id=8864]
  0x000001b07aced8d0 GCTaskThread "GC Thread#6" [stack: 0x0000006d82600000,0x0000006d82700000] [id=5660]
  0x000001b07acec670 GCTaskThread "GC Thread#7" [stack: 0x0000006d82700000,0x0000006d82800000] [id=2492]
  0x000001b07acee200 GCTaskThread "GC Thread#8" [stack: 0x0000006d82800000,0x0000006d82900000] [id=4240]
  0x000001b07acec980 GCTaskThread "GC Thread#9" [stack: 0x0000006d82900000,0x0000006d82a00000] [id=15068]
  0x000001b053b2c440 ConcurrentGCThread "G1 Main Marker" [stack: 0x0000006dff300000,0x0000006dff400000] [id=5532]
  0x000001b053b2d650 ConcurrentGCThread "G1 Conc#0" [stack: 0x0000006dff400000,0x0000006dff500000] [id=1668]
  0x000001b078a020c0 ConcurrentGCThread "G1 Refine#0" [stack: 0x0000006dff500000,0x0000006dff600000] [id=12508]
  0x000001b07addc890 ConcurrentGCThread "G1 Refine#1" [stack: 0x0000006d82a00000,0x0000006d82b00000] [id=9084]
  0x000001b001101500 ConcurrentGCThread "G1 Refine#2" [stack: 0x0000006d82b00000,0x0000006d82c00000] [id=5076]
  0x000001b0010d2d40 ConcurrentGCThread "G1 Refine#3" [stack: 0x0000006d82c00000,0x0000006d82d00000] [id=5424]
  0x000001b001739c20 ConcurrentGCThread "G1 Refine#4" [stack: 0x0000006d81f00000,0x0000006d82000000] [id=14944]
  0x000001b078a02b40 ConcurrentGCThread "G1 Service" [stack: 0x0000006dff600000,0x0000006dff700000] [id=10580]

Threads with active compile tasks:

VM state: not at safepoint (normal execution)

VM Mutex/Monitor currently owned by a thread: None

Heap address: 0x0000000701600000, size: 4074 MB, Compressed Oops mode: Zero based, Oop shift amount: 3
CDS archive(s) mapped at: [0x0000000800000000-0x0000000800bb0000-0x0000000800bb0000), size 12255232, SharedBaseAddress: 0x0000000800000000, ArchiveRelocationMode: 0.
Compressed class space mapped at: 0x0000000800c00000-0x0000000840c00000, reserved size: 1073741824
Narrow klass base: 0x0000000800000000, Narrow klass shift: 3, Narrow klass range: 0x100000000

GC Precious Log:
 CPUs: 12 total, 12 available
 Memory: 16292M
 Large Page Support: Disabled
 NUMA Support: Disabled
 Compressed Oops: Enabled (Zero based)
 Heap Region Size: 2M
 Heap Min Capacity: 8M
 Heap Initial Capacity: 256M
 Heap Max Capacity: 4074M
 Pre-touch: Disabled
 Parallel Workers: 10
 Concurrent Workers: 3
 Concurrent Refinement Workers: 10
 Periodic GC: Disabled

Heap:
 garbage-first heap   total 262144K, used 38860K [0x0000000701600000, 0x0000000800000000)
  region size 2048K, 9 young (18432K), 1 survivors (2048K)
 Metaspace       used 18302K, committed 18496K, reserved 1064960K
  class space    used 1991K, committed 2112K, reserved 1048576K

Heap Regions: E=young(eden), S=young(survivor), O=old, HS=humongous(starts), HC=humongous(continues), CS=collection set, F=free, OA=open archive, CA=closed archive, TAMS=top-at-mark-start (previous, next)
|   0|0x0000000701600000, 0x0000000701800000, 0x0000000701800000|100%| O|  |TAMS 0x0000000701600000, 0x0000000701600000| Untracked 
|   1|0x0000000701800000, 0x0000000701a00000, 0x0000000701a00000|100%| O|  |TAMS 0x0000000701800000, 0x0000000701800000| Untracked 
|   2|0x0000000701a00000, 0x0000000701bf3200, 0x0000000701c00000| 97%| O|  |TAMS 0x0000000701a00000, 0x0000000701a00000| Untracked 
|   3|0x0000000701c00000, 0x0000000701e00000, 0x0000000701e00000|100%|HS|  |TAMS 0x0000000701c00000, 0x0000000701c00000| Complete 
|   4|0x0000000701e00000, 0x0000000702000000, 0x0000000702000000|100%|HC|  |TAMS 0x0000000701e00000, 0x0000000701e00000| Complete 
|   5|0x0000000702000000, 0x0000000702200000, 0x0000000702200000|100%|HC|  |TAMS 0x0000000702000000, 0x0000000702000000| Complete 
|   6|0x0000000702200000, 0x0000000702400000, 0x0000000702400000|100%|HC|  |TAMS 0x0000000702200000, 0x0000000702200000| Complete 
|   7|0x0000000702400000, 0x0000000702600000, 0x0000000702600000|100%|HS|  |TAMS 0x0000000702400000, 0x0000000702400000| Complete 
|   8|0x0000000702600000, 0x0000000702800000, 0x0000000702800000|100%|HC|  |TAMS 0x0000000702600000, 0x0000000702600000| Complete 
|   9|0x0000000702800000, 0x0000000702a00000, 0x0000000702a00000|100%|HC|  |TAMS 0x0000000702800000, 0x0000000702800000| Complete 
|  10|0x0000000702a00000, 0x0000000702c00000, 0x0000000702c00000|100%|HC|  |TAMS 0x0000000702a00000, 0x0000000702a00000| Complete 
|  11|0x0000000702c00000, 0x0000000702c00000, 0x0000000702e00000|  0%| F|  |TAMS 0x0000000702c00000, 0x0000000702c00000| Untracked 
|  12|0x0000000702e00000, 0x0000000702e00000, 0x0000000703000000|  0%| F|  |TAMS 0x0000000702e00000, 0x0000000702e00000| Untracked 
|  13|0x0000000703000000, 0x0000000703000000, 0x0000000703200000|  0%| F|  |TAMS 0x0000000703000000, 0x0000000703000000| Untracked 
|  14|0x0000000703200000, 0x0000000703200000, 0x0000000703400000|  0%| F|  |TAMS 0x0000000703200000, 0x0000000703200000| Untracked 
|  15|0x0000000703400000, 0x0000000703400000, 0x0000000703600000|  0%| F|  |TAMS 0x0000000703400000, 0x0000000703400000| Untracked 
|  16|0x0000000703600000, 0x0000000703600000, 0x0000000703800000|  0%| F|  |TAMS 0x0000000703600000, 0x0000000703600000| Untracked 
|  17|0x0000000703800000, 0x0000000703800000, 0x0000000703a00000|  0%| F|  |TAMS 0x0000000703800000, 0x0000000703800000| Untracked 
|  18|0x0000000703a00000, 0x0000000703a00000, 0x0000000703c00000|  0%| F|  |TAMS 0x0000000703a00000, 0x0000000703a00000| Untracked 
|  19|0x0000000703c00000, 0x0000000703c00000, 0x0000000703e00000|  0%| F|  |TAMS 0x0000000703c00000, 0x0000000703c00000| Untracked 
|  20|0x0000000703e00000, 0x0000000703e00000, 0x0000000704000000|  0%| F|  |TAMS 0x0000000703e00000, 0x0000000703e00000| Untracked 
|  21|0x0000000704000000, 0x0000000704000000, 0x0000000704200000|  0%| F|  |TAMS 0x0000000704000000, 0x0000000704000000| Untracked 
|  22|0x0000000704200000, 0x0000000704200000, 0x0000000704400000|  0%| F|  |TAMS 0x0000000704200000, 0x0000000704200000| Untracked 
|  23|0x0000000704400000, 0x0000000704400000, 0x0000000704600000|  0%| F|  |TAMS 0x0000000704400000, 0x0000000704400000| Untracked 
|  24|0x0000000704600000, 0x0000000704600000, 0x0000000704800000|  0%| F|  |TAMS 0x0000000704600000, 0x0000000704600000| Untracked 
|  25|0x0000000704800000, 0x0000000704800000, 0x0000000704a00000|  0%| F|  |TAMS 0x0000000704800000, 0x0000000704800000| Untracked 
|  26|0x0000000704a00000, 0x0000000704a00000, 0x0000000704c00000|  0%| F|  |TAMS 0x0000000704a00000, 0x0000000704a00000| Untracked 
|  27|0x0000000704c00000, 0x0000000704c00000, 0x0000000704e00000|  0%| F|  |TAMS 0x0000000704c00000, 0x0000000704c00000| Untracked 
|  28|0x0000000704e00000, 0x0000000704e00000, 0x0000000705000000|  0%| F|  |TAMS 0x0000000704e00000, 0x0000000704e00000| Untracked 
|  29|0x0000000705000000, 0x0000000705000000, 0x0000000705200000|  0%| F|  |TAMS 0x0000000705000000, 0x0000000705000000| Untracked 
|  30|0x0000000705200000, 0x0000000705200000, 0x0000000705400000|  0%| F|  |TAMS 0x0000000705200000, 0x0000000705200000| Untracked 
|  31|0x0000000705400000, 0x0000000705400000, 0x0000000705600000|  0%| F|  |TAMS 0x0000000705400000, 0x0000000705400000| Untracked 
|  32|0x0000000705600000, 0x0000000705600000, 0x0000000705800000|  0%| F|  |TAMS 0x0000000705600000, 0x0000000705600000| Untracked 
|  33|0x0000000705800000, 0x0000000705800000, 0x0000000705a00000|  0%| F|  |TAMS 0x0000000705800000, 0x0000000705800000| Untracked 
|  34|0x0000000705a00000, 0x0000000705a00000, 0x0000000705c00000|  0%| F|  |TAMS 0x0000000705a00000, 0x0000000705a00000| Untracked 
|  35|0x0000000705c00000, 0x0000000705c00000, 0x0000000705e00000|  0%| F|  |TAMS 0x0000000705c00000, 0x0000000705c00000| Untracked 
|  36|0x0000000705e00000, 0x0000000705e00000, 0x0000000706000000|  0%| F|  |TAMS 0x0000000705e00000, 0x0000000705e00000| Untracked 
|  37|0x0000000706000000, 0x0000000706000000, 0x0000000706200000|  0%| F|  |TAMS 0x0000000706000000, 0x0000000706000000| Untracked 
|  38|0x0000000706200000, 0x0000000706200000, 0x0000000706400000|  0%| F|  |TAMS 0x0000000706200000, 0x0000000706200000| Untracked 
|  39|0x0000000706400000, 0x0000000706400000, 0x0000000706600000|  0%| F|  |TAMS 0x0000000706400000, 0x0000000706400000| Untracked 
|  40|0x0000000706600000, 0x0000000706600000, 0x0000000706800000|  0%| F|  |TAMS 0x0000000706600000, 0x0000000706600000| Untracked 
|  41|0x0000000706800000, 0x0000000706800000, 0x0000000706a00000|  0%| F|  |TAMS 0x0000000706800000, 0x0000000706800000| Untracked 
|  42|0x0000000706a00000, 0x0000000706a00000, 0x0000000706c00000|  0%| F|  |TAMS 0x0000000706a00000, 0x0000000706a00000| Untracked 
|  43|0x0000000706c00000, 0x0000000706c00000, 0x0000000706e00000|  0%| F|  |TAMS 0x0000000706c00000, 0x0000000706c00000| Untracked 
|  44|0x0000000706e00000, 0x0000000706e00000, 0x0000000707000000|  0%| F|  |TAMS 0x0000000706e00000, 0x0000000706e00000| Untracked 
|  45|0x0000000707000000, 0x0000000707000000, 0x0000000707200000|  0%| F|  |TAMS 0x0000000707000000, 0x0000000707000000| Untracked 
|  46|0x0000000707200000, 0x0000000707200000, 0x0000000707400000|  0%| F|  |TAMS 0x0000000707200000, 0x0000000707200000| Untracked 
|  47|0x0000000707400000, 0x0000000707400000, 0x0000000707600000|  0%| F|  |TAMS 0x0000000707400000, 0x0000000707400000| Untracked 
|  48|0x0000000707600000, 0x0000000707600000, 0x0000000707800000|  0%| F|  |TAMS 0x0000000707600000, 0x0000000707600000| Untracked 
|  49|0x0000000707800000, 0x0000000707800000, 0x0000000707a00000|  0%| F|  |TAMS 0x0000000707800000, 0x0000000707800000| Untracked 
|  50|0x0000000707a00000, 0x0000000707a00000, 0x0000000707c00000|  0%| F|  |TAMS 0x0000000707a00000, 0x0000000707a00000| Untracked 
|  51|0x0000000707c00000, 0x0000000707c00000, 0x0000000707e00000|  0%| F|  |TAMS 0x0000000707c00000, 0x0000000707c00000| Untracked 
|  52|0x0000000707e00000, 0x0000000707e00000, 0x0000000708000000|  0%| F|  |TAMS 0x0000000707e00000, 0x0000000707e00000| Untracked 
|  53|0x0000000708000000, 0x0000000708000000, 0x0000000708200000|  0%| F|  |TAMS 0x0000000708000000, 0x0000000708000000| Untracked 
|  54|0x0000000708200000, 0x0000000708200000, 0x0000000708400000|  0%| F|  |TAMS 0x0000000708200000, 0x0000000708200000| Untracked 
|  55|0x0000000708400000, 0x0000000708400000, 0x0000000708600000|  0%| F|  |TAMS 0x0000000708400000, 0x0000000708400000| Untracked 
|  56|0x0000000708600000, 0x0000000708600000, 0x0000000708800000|  0%| F|  |TAMS 0x0000000708600000, 0x0000000708600000| Untracked 
|  57|0x0000000708800000, 0x0000000708800000, 0x0000000708a00000|  0%| F|  |TAMS 0x0000000708800000, 0x0000000708800000| Untracked 
|  58|0x0000000708a00000, 0x0000000708a00000, 0x0000000708c00000|  0%| F|  |TAMS 0x0000000708a00000, 0x0000000708a00000| Untracked 
|  59|0x0000000708c00000, 0x0000000708c00000, 0x0000000708e00000|  0%| F|  |TAMS 0x0000000708c00000, 0x0000000708c00000| Untracked 
|  60|0x0000000708e00000, 0x0000000708e00000, 0x0000000709000000|  0%| F|  |TAMS 0x0000000708e00000, 0x0000000708e00000| Untracked 
|  61|0x0000000709000000, 0x0000000709000000, 0x0000000709200000|  0%| F|  |TAMS 0x0000000709000000, 0x0000000709000000| Untracked 
|  62|0x0000000709200000, 0x0000000709200000, 0x0000000709400000|  0%| F|  |TAMS 0x0000000709200000, 0x0000000709200000| Untracked 
|  63|0x0000000709400000, 0x0000000709400000, 0x0000000709600000|  0%| F|  |TAMS 0x0000000709400000, 0x0000000709400000| Untracked 
|  64|0x0000000709600000, 0x0000000709600000, 0x0000000709800000|  0%| F|  |TAMS 0x0000000709600000, 0x0000000709600000| Untracked 
|  65|0x0000000709800000, 0x0000000709800000, 0x0000000709a00000|  0%| F|  |TAMS 0x0000000709800000, 0x0000000709800000| Untracked 
|  66|0x0000000709a00000, 0x0000000709a00000, 0x0000000709c00000|  0%| F|  |TAMS 0x0000000709a00000, 0x0000000709a00000| Untracked 
|  67|0x0000000709c00000, 0x0000000709c00000, 0x0000000709e00000|  0%| F|  |TAMS 0x0000000709c00000, 0x0000000709c00000| Untracked 
|  68|0x0000000709e00000, 0x0000000709e00000, 0x000000070a000000|  0%| F|  |TAMS 0x0000000709e00000, 0x0000000709e00000| Untracked 
|  69|0x000000070a000000, 0x000000070a000000, 0x000000070a200000|  0%| F|  |TAMS 0x000000070a000000, 0x000000070a000000| Untracked 
|  70|0x000000070a200000, 0x000000070a200000, 0x000000070a400000|  0%| F|  |TAMS 0x000000070a200000, 0x000000070a200000| Untracked 
|  71|0x000000070a400000, 0x000000070a400000, 0x000000070a600000|  0%| F|  |TAMS 0x000000070a400000, 0x000000070a400000| Untracked 
|  72|0x000000070a600000, 0x000000070a600000, 0x000000070a800000|  0%| F|  |TAMS 0x000000070a600000, 0x000000070a600000| Untracked 
|  73|0x000000070a800000, 0x000000070a800000, 0x000000070aa00000|  0%| F|  |TAMS 0x000000070a800000, 0x000000070a800000| Untracked 
|  74|0x000000070aa00000, 0x000000070aa00000, 0x000000070ac00000|  0%| F|  |TAMS 0x000000070aa00000, 0x000000070aa00000| Untracked 
|  75|0x000000070ac00000, 0x000000070ac00000, 0x000000070ae00000|  0%| F|  |TAMS 0x000000070ac00000, 0x000000070ac00000| Untracked 
|  76|0x000000070ae00000, 0x000000070ae00000, 0x000000070b000000|  0%| F|  |TAMS 0x000000070ae00000, 0x000000070ae00000| Untracked 
|  77|0x000000070b000000, 0x000000070b000000, 0x000000070b200000|  0%| F|  |TAMS 0x000000070b000000, 0x000000070b000000| Untracked 
|  78|0x000000070b200000, 0x000000070b200000, 0x000000070b400000|  0%| F|  |TAMS 0x000000070b200000, 0x000000070b200000| Untracked 
|  79|0x000000070b400000, 0x000000070b400000, 0x000000070b600000|  0%| F|  |TAMS 0x000000070b400000, 0x000000070b400000| Untracked 
|  80|0x000000070b600000, 0x000000070b600000, 0x000000070b800000|  0%| F|  |TAMS 0x000000070b600000, 0x000000070b600000| Untracked 
|  81|0x000000070b800000, 0x000000070b800000, 0x000000070ba00000|  0%| F|  |TAMS 0x000000070b800000, 0x000000070b800000| Untracked 
|  82|0x000000070ba00000, 0x000000070ba00000, 0x000000070bc00000|  0%| F|  |TAMS 0x000000070ba00000, 0x000000070ba00000| Untracked 
|  83|0x000000070bc00000, 0x000000070bc00000, 0x000000070be00000|  0%| F|  |TAMS 0x000000070bc00000, 0x000000070bc00000| Untracked 
|  84|0x000000070be00000, 0x000000070be00000, 0x000000070c000000|  0%| F|  |TAMS 0x000000070be00000, 0x000000070be00000| Untracked 
|  85|0x000000070c000000, 0x000000070c000000, 0x000000070c200000|  0%| F|  |TAMS 0x000000070c000000, 0x000000070c000000| Untracked 
|  86|0x000000070c200000, 0x000000070c200000, 0x000000070c400000|  0%| F|  |TAMS 0x000000070c200000, 0x000000070c200000| Untracked 
|  87|0x000000070c400000, 0x000000070c400000, 0x000000070c600000|  0%| F|  |TAMS 0x000000070c400000, 0x000000070c400000| Untracked 
|  88|0x000000070c600000, 0x000000070c600000, 0x000000070c800000|  0%| F|  |TAMS 0x000000070c600000, 0x000000070c600000| Untracked 
|  89|0x000000070c800000, 0x000000070c800000, 0x000000070ca00000|  0%| F|  |TAMS 0x000000070c800000, 0x000000070c800000| Untracked 
|  90|0x000000070ca00000, 0x000000070ca00000, 0x000000070cc00000|  0%| F|  |TAMS 0x000000070ca00000, 0x000000070ca00000| Untracked 
|  91|0x000000070cc00000, 0x000000070cc00000, 0x000000070ce00000|  0%| F|  |TAMS 0x000000070cc00000, 0x000000070cc00000| Untracked 
|  92|0x000000070ce00000, 0x000000070ce00000, 0x000000070d000000|  0%| F|  |TAMS 0x000000070ce00000, 0x000000070ce00000| Untracked 
|  93|0x000000070d000000, 0x000000070d000000, 0x000000070d200000|  0%| F|  |TAMS 0x000000070d000000, 0x000000070d000000| Untracked 
|  94|0x000000070d200000, 0x000000070d200000, 0x000000070d400000|  0%| F|  |TAMS 0x000000070d200000, 0x000000070d200000| Untracked 
|  95|0x000000070d400000, 0x000000070d400000, 0x000000070d600000|  0%| F|  |TAMS 0x000000070d400000, 0x000000070d400000| Untracked 
|  96|0x000000070d600000, 0x000000070d600000, 0x000000070d800000|  0%| F|  |TAMS 0x000000070d600000, 0x000000070d600000| Untracked 
|  97|0x000000070d800000, 0x000000070d800000, 0x000000070da00000|  0%| F|  |TAMS 0x000000070d800000, 0x000000070d800000| Untracked 
|  98|0x000000070da00000, 0x000000070da00000, 0x000000070dc00000|  0%| F|  |TAMS 0x000000070da00000, 0x000000070da00000| Untracked 
|  99|0x000000070dc00000, 0x000000070dc00000, 0x000000070de00000|  0%| F|  |TAMS 0x000000070dc00000, 0x000000070dc00000| Untracked 
| 100|0x000000070de00000, 0x000000070de00000, 0x000000070e000000|  0%| F|  |TAMS 0x000000070de00000, 0x000000070de00000| Untracked 
| 101|0x000000070e000000, 0x000000070e000000, 0x000000070e200000|  0%| F|  |TAMS 0x000000070e000000, 0x000000070e000000| Untracked 
| 102|0x000000070e200000, 0x000000070e200000, 0x000000070e400000|  0%| F|  |TAMS 0x000000070e200000, 0x000000070e200000| Untracked 
| 103|0x000000070e400000, 0x000000070e400000, 0x000000070e600000|  0%| F|  |TAMS 0x000000070e400000, 0x000000070e400000| Untracked 
| 104|0x000000070e600000, 0x000000070e600000, 0x000000070e800000|  0%| F|  |TAMS 0x000000070e600000, 0x000000070e600000| Untracked 
| 105|0x000000070e800000, 0x000000070e800000, 0x000000070ea00000|  0%| F|  |TAMS 0x000000070e800000, 0x000000070e800000| Untracked 
| 106|0x000000070ea00000, 0x000000070ea00000, 0x000000070ec00000|  0%| F|  |TAMS 0x000000070ea00000, 0x000000070ea00000| Untracked 
| 107|0x000000070ec00000, 0x000000070ec00000, 0x000000070ee00000|  0%| F|  |TAMS 0x000000070ec00000, 0x000000070ec00000| Untracked 
| 108|0x000000070ee00000, 0x000000070ee00000, 0x000000070f000000|  0%| F|  |TAMS 0x000000070ee00000, 0x000000070ee00000| Untracked 
| 109|0x000000070f000000, 0x000000070f000000, 0x000000070f200000|  0%| F|  |TAMS 0x000000070f000000, 0x000000070f000000| Untracked 
| 110|0x000000070f200000, 0x000000070f200000, 0x000000070f400000|  0%| F|  |TAMS 0x000000070f200000, 0x000000070f200000| Untracked 
| 111|0x000000070f400000, 0x000000070f400000, 0x000000070f600000|  0%| F|  |TAMS 0x000000070f400000, 0x000000070f400000| Untracked 
| 112|0x000000070f600000, 0x000000070f600000, 0x000000070f800000|  0%| F|  |TAMS 0x000000070f600000, 0x000000070f600000| Untracked 
| 113|0x000000070f800000, 0x000000070f800000, 0x000000070fa00000|  0%| F|  |TAMS 0x000000070f800000, 0x000000070f800000| Untracked 
| 114|0x000000070fa00000, 0x000000070fa00000, 0x000000070fc00000|  0%| F|  |TAMS 0x000000070fa00000, 0x000000070fa00000| Untracked 
| 115|0x000000070fc00000, 0x000000070fc00000, 0x000000070fe00000|  0%| F|  |TAMS 0x000000070fc00000, 0x000000070fc00000| Untracked 
| 116|0x000000070fe00000, 0x000000070fe00000, 0x0000000710000000|  0%| F|  |TAMS 0x000000070fe00000, 0x000000070fe00000| Untracked 
| 117|0x0000000710000000, 0x0000000710000000, 0x0000000710200000|  0%| F|  |TAMS 0x0000000710000000, 0x0000000710000000| Untracked 
| 118|0x0000000710200000, 0x0000000710200000, 0x0000000710400000|  0%| F|  |TAMS 0x0000000710200000, 0x0000000710200000| Untracked 
| 119|0x0000000710400000, 0x0000000710400800, 0x0000000710600000|  0%| E|  |TAMS 0x0000000710400000, 0x0000000710400000| Complete 
| 120|0x0000000710600000, 0x0000000710800000, 0x0000000710800000|100%| S|CS|TAMS 0x0000000710600000, 0x0000000710600000| Complete 
| 121|0x0000000710800000, 0x0000000710a00000, 0x0000000710a00000|100%| E|CS|TAMS 0x0000000710800000, 0x0000000710800000| Complete 
| 122|0x0000000710a00000, 0x0000000710c00000, 0x0000000710c00000|100%| E|CS|TAMS 0x0000000710a00000, 0x0000000710a00000| Complete 
| 123|0x0000000710c00000, 0x0000000710e00000, 0x0000000710e00000|100%| E|CS|TAMS 0x0000000710c00000, 0x0000000710c00000| Complete 
| 124|0x0000000710e00000, 0x0000000711000000, 0x0000000711000000|100%| E|CS|TAMS 0x0000000710e00000, 0x0000000710e00000| Complete 
| 125|0x0000000711000000, 0x0000000711200000, 0x0000000711200000|100%| E|CS|TAMS 0x0000000711000000, 0x0000000711000000| Complete 
| 126|0x0000000711200000, 0x0000000711400000, 0x0000000711400000|100%| E|CS|TAMS 0x0000000711200000, 0x0000000711200000| Complete 
| 127|0x0000000711400000, 0x0000000711600000, 0x0000000711600000|100%| E|CS|TAMS 0x0000000711400000, 0x0000000711400000| Complete 

Card table byte_map: [0x000001b06cf00000,0x000001b06d700000] _byte_map_base: 0x000001b0696f5000

Marking Bits (Prev, Next): (CMBitMap*) 0x000001b053b1abd0, (CMBitMap*) 0x000001b053b1ac10
 Prev Bits: [0x000001b06df00000, 0x000001b071ea8000)
 Next Bits: [0x000001b071eb0000, 0x000001b075e58000)

Polling page: 0x000001b0537f0000

Metaspace:

Usage:
  Non-class:     15.93 MB used.
      Class:      1.94 MB used.
       Both:     17.87 MB used.

Virtual space:
  Non-class space:       16.00 MB reserved,      16.00 MB (100%) committed,  2 nodes.
      Class space:        1.00 GB reserved,       2.06 MB ( <1%) committed,  1 nodes.
              Both:        1.02 GB reserved,      18.06 MB (  2%) committed. 

Chunk freelists:
   Non-Class:  29.00 KB
       Class:  1.99 MB
        Both:  2.02 MB

MaxMetaspaceSize: 17179869184.00 GB
CompressedClassSpaceSize: 1.00 GB
 - commit_granule_bytes: 65536.
 - commit_granule_words: 8192.
 - virtual_space_node_default_size: 1048576.
 - enlarge_chunks_in_place: 1.
 - new_chunks_are_fully_committed: 0.
 - uncommit_free_chunks: 1.
 - use_allocation_guard: 0.
 - handle_deallocations: 1.


Internal statistics:

num_allocs_failed_limit: 0.
num_arena_births: 142.
num_arena_deaths: 0.
num_vsnodes_births: 3.
num_vsnodes_deaths: 0.
num_space_committed: 289.
num_space_uncommitted: 0.
num_chunks_returned_to_freelist: 0.
num_chunks_taken_from_freelist: 323.
num_chunk_merges: 0.
num_chunk_splits: 200.
num_chunks_enlarged: 116.
num_purges: 0.

CodeHeap 'non-profiled nmethods': size=120000Kb used=2083Kb max_used=2083Kb free=117916Kb
 bounds [0x000001b064530000, 0x000001b0647a0000, 0x000001b06ba60000]
CodeHeap 'profiled nmethods': size=120000Kb used=7539Kb max_used=7539Kb free=112460Kb
 bounds [0x000001b05d000000, 0x000001b05d760000, 0x000001b064530000]
CodeHeap 'non-nmethods': size=5760Kb used=1406Kb max_used=1459Kb free=4353Kb
 bounds [0x000001b05ca60000, 0x000001b05ccd0000, 0x000001b05d000000]
 total_blobs=4367 nmethods=3610 adapters=667
 compilation: enabled
              stopped_count=0, restarted_count=0
 full_count=0

Compilation events (20 events):
Event: 34656.252 Thread 0x000001b078b941f0 3605       4       sun.java2d.SunGraphics2D::dispose (12 bytes)
Event: 34656.265 Thread 0x000001b078b941f0 nmethod 3605 0x000001b064729410 code [0x000001b0647295a0, 0x000001b064729b98]
Event: 34656.478 Thread 0x000001b078b941f0 3606   !   4       javax.swing.RepaintManager::addDirtyRegion0 (205 bytes)
Event: 34656.521 Thread 0x000001b078b96cf0 3607       1       sun.awt.windows.WToolkit::needUpdateWindow (2 bytes)
Event: 34656.521 Thread 0x000001b078b96cf0 nmethod 3607 0x000001b064729c10 code [0x000001b064729da0, 0x000001b064729e78]
Event: 34656.672 Thread 0x000001b078b941f0 nmethod 3606 0x000001b064729f10 code [0x000001b06472a620, 0x000001b064734318]
Event: 34656.864 Thread 0x000001b078b96cf0 3608       3       sun.java2d.marlin.DHelpers::fastCurvelen (76 bytes)
Event: 34656.865 Thread 0x000001b078b96cf0 nmethod 3608 0x000001b05d75b590 code [0x000001b05d75b760, 0x000001b05d75b978]
Event: 34657.045 Thread 0x000001b078b941f0 3609       4       java.security.AccessController::checkContext (49 bytes)
Event: 34657.046 Thread 0x000001b078b941f0 nmethod 3609 0x000001b064738290 code [0x000001b064738420, 0x000001b0647384b8]
Event: 34657.055 Thread 0x000001b078b941f0 3610       4       sun.java2d.SunGraphics2D::setFont (105 bytes)
Event: 34657.060 Thread 0x000001b078b941f0 nmethod 3610 0x000001b064738590 code [0x000001b064738720, 0x000001b064738938]
Event: 34657.254 Thread 0x000001b078b941f0 3611       4       java.awt.Component::getInputContext (16 bytes)
Event: 34657.255 Thread 0x000001b078b941f0 nmethod 3611 0x000001b064738a10 code [0x000001b064738ba0, 0x000001b064738c58]
Event: 34657.308 Thread 0x000001b078b96cf0 3614  s    3       sun.awt.image.ToolkitImage::getImageRep (37 bytes)
Event: 34657.309 Thread 0x000001b078b96cf0 nmethod 3614 0x000001b05d75ba10 code [0x000001b05d75bbe0, 0x000001b05d75c038]
Event: 34657.309 Thread 0x000001b078b96cf0 3612  s    3       sun.awt.image.ToolkitImage::getWidth (48 bytes)
Event: 34657.310 Thread 0x000001b078b96cf0 nmethod 3612 0x000001b05d75c110 code [0x000001b05d75c2e0, 0x000001b05d75c6f8]
Event: 34657.310 Thread 0x000001b078b96cf0 3613  s    3       sun.awt.image.ToolkitImage::getHeight (48 bytes)
Event: 34657.310 Thread 0x000001b078b96cf0 nmethod 3613 0x000001b05d75c810 code [0x000001b05d75c9e0, 0x000001b05d75cdf8]

GC Heap History (4 events):
Event: 9.794 GC heap before
{Heap before GC invocations=0 (full 0):
 garbage-first heap   total 262144K, used 22528K [0x0000000701600000, 0x0000000800000000)
  region size 2048K, 11 young (22528K), 0 survivors (0K)
 Metaspace       used 15210K, committed 15424K, reserved 1064960K
  class space    used 1696K, committed 1792K, reserved 1048576K
}
Event: 9.799 GC heap after
{Heap after GC invocations=1 (full 0):
 garbage-first heap   total 262144K, used 6039K [0x0000000701600000, 0x0000000800000000)
  region size 2048K, 2 young (4096K), 2 survivors (4096K)
 Metaspace       used 15210K, committed 15424K, reserved 1064960K
  class space    used 1696K, committed 1792K, reserved 1048576K
}
Event: 7568.857 GC heap before
{Heap before GC invocations=1 (full 0):
 garbage-first heap   total 262144K, used 18327K [0x0000000701600000, 0x0000000800000000)
  region size 2048K, 9 young (18432K), 2 survivors (4096K)
 Metaspace       used 18192K, committed 18432K, reserved 1064960K
  class space    used 1988K, committed 2112K, reserved 1048576K
}
Event: 7568.874 GC heap after
{Heap after GC invocations=2 (full 0):
 garbage-first heap   total 262144K, used 8140K [0x0000000701600000, 0x0000000800000000)
  region size 2048K, 1 young (2048K), 1 survivors (2048K)
 Metaspace       used 18192K, committed 18432K, reserved 1064960K
  class space    used 1988K, committed 2112K, reserved 1048576K
}

Deoptimization events (20 events):
Event: 32716.279 Thread 0x000001b07aaae860 Uncommon trap: trap_request=0xffffff45 fr.pc=0x000001b0646257a4 relative=0x0000000000001284
Event: 32716.279 Thread 0x000001b07aaae860 Uncommon trap: reason=unstable_if action=reinterpret pc=0x000001b0646257a4 method=java.beans.PropertyChangeSupport.firePropertyChange(Ljava/lang/String;Ljava/lang/Object;Ljava/lang/Object;)V @ 13 c2
Event: 32716.279 Thread 0x000001b07aaae860 DEOPT PACKING pc=0x000001b0646257a4 sp=0x0000006d818fec80
Event: 32716.279 Thread 0x000001b07aaae860 DEOPT UNPACKING pc=0x000001b05caad72e sp=0x0000006d818fec70 mode 2
Event: 32716.279 Thread 0x000001b07aaae860 Uncommon trap: trap_request=0xffffffde fr.pc=0x000001b0645bc9c8 relative=0x0000000000000a28
Event: 32716.279 Thread 0x000001b07aaae860 Uncommon trap: reason=class_check action=maybe_recompile pc=0x000001b0645bc9c8 method=java.util.HashMap.putVal(ILjava/lang/Object;Ljava/lang/Object;ZZ)Ljava/lang/Object; @ 203 c2
Event: 32716.279 Thread 0x000001b07aaae860 DEOPT PACKING pc=0x000001b0645bc9c8 sp=0x0000006d818fec40
Event: 32716.279 Thread 0x000001b07aaae860 DEOPT UNPACKING pc=0x000001b05caad72e sp=0x0000006d818febe0 mode 2
Event: 32716.279 Thread 0x000001b07aaae860 Uncommon trap: trap_request=0xffffffde fr.pc=0x000001b0645bc9c8 relative=0x0000000000000a28
Event: 32716.279 Thread 0x000001b07aaae860 Uncommon trap: reason=class_check action=maybe_recompile pc=0x000001b0645bc9c8 method=java.util.HashMap.putVal(ILjava/lang/Object;Ljava/lang/Object;ZZ)Ljava/lang/Object; @ 203 c2
Event: 32716.279 Thread 0x000001b07aaae860 DEOPT PACKING pc=0x000001b0645bc9c8 sp=0x0000006d818fec40
Event: 32716.279 Thread 0x000001b07aaae860 DEOPT UNPACKING pc=0x000001b05caad72e sp=0x0000006d818febe0 mode 2
Event: 32716.279 Thread 0x000001b07aaae860 Uncommon trap: trap_request=0xffffffde fr.pc=0x000001b0645bc9c8 relative=0x0000000000000a28
Event: 32716.279 Thread 0x000001b07aaae860 Uncommon trap: reason=class_check action=maybe_recompile pc=0x000001b0645bc9c8 method=java.util.HashMap.putVal(ILjava/lang/Object;Ljava/lang/Object;ZZ)Ljava/lang/Object; @ 203 c2
Event: 32716.279 Thread 0x000001b07aaae860 DEOPT PACKING pc=0x000001b0645bc9c8 sp=0x0000006d818fec40
Event: 32716.279 Thread 0x000001b07aaae860 DEOPT UNPACKING pc=0x000001b05caad72e sp=0x0000006d818febe0 mode 2
Event: 34658.197 Thread 0x000001b001ae3a30 Uncommon trap: trap_request=0xffffff45 fr.pc=0x000001b064708cb0 relative=0x0000000000000c90
Event: 34658.197 Thread 0x000001b001ae3a30 Uncommon trap: reason=unstable_if action=reinterpret pc=0x000001b064708cb0 method=sun.java2d.d3d.D3DScreenUpdateManager.run()V @ 4 c2
Event: 34658.197 Thread 0x000001b001ae3a30 DEOPT PACKING pc=0x000001b064708cb0 sp=0x0000006d81eff5c0
Event: 34658.197 Thread 0x000001b001ae3a30 DEOPT UNPACKING pc=0x000001b05caad72e sp=0x0000006d81eff578 mode 2

Classes unloaded (0 events):
No events

Classes redefined (0 events):
No events

Internal exceptions (20 events):
Event: 0.564 Thread 0x000001b07aaae860 Exception <a 'java/lang/ClassNotFoundException'{0x000000071117e3f8}: ToggleButton> (0x000000071117e3f8) 
thrown [t:\workspace\open\src\hotspot\share\classfile\systemDictionary.cpp, line 256]
Event: 0.564 Thread 0x000001b07aaae860 Exception <a 'java/lang/ClassNotFoundException'{0x000000071117e838}: javax/swing/JToolBarSeparator> (0x000000071117e838) 
thrown [t:\workspace\open\src\hotspot\share\classfile\systemDictionary.cpp, line 256]
Event: 0.564 Thread 0x000001b07aaae860 Exception <a 'java/lang/ClassNotFoundException'{0x000000071117eb40}: ToolBarSeparator> (0x000000071117eb40) 
thrown [t:\workspace\open\src\hotspot\share\classfile\systemDictionary.cpp, line 256]
Event: 0.564 Thread 0x000001b07aaae860 Exception <a 'java/lang/ClassNotFoundException'{0x000000071117efa0}: ToolTip> (0x000000071117efa0) 
thrown [t:\workspace\open\src\hotspot\share\classfile\systemDictionary.cpp, line 256]
Event: 0.564 Thread 0x000001b07aaae860 Exception <a 'java/lang/ClassNotFoundException'{0x000000071117f400}: Tree> (0x000000071117f400) 
thrown [t:\workspace\open\src\hotspot\share\classfile\systemDictionary.cpp, line 256]
Event: 0.564 Thread 0x000001b07aaae860 Exception <a 'java/lang/ClassNotFoundException'{0x000000071117f8c0}: Tree> (0x000000071117f8c0) 
thrown [t:\workspace\open\src\hotspot\share\classfile\systemDictionary.cpp, line 256]
Event: 0.564 Thread 0x000001b07aaae860 Exception <a 'java/lang/ClassNotFoundException'{0x000000071117fc30}: javax/swing/JTreeCell> (0x000000071117fc30) 
thrown [t:\workspace\open\src\hotspot\share\classfile\systemDictionary.cpp, line 256]
Event: 0.564 Thread 0x000001b07aaae860 Exception <a 'java/lang/ClassNotFoundException'{0x000000071117ff30}: TreeCell> (0x000000071117ff30) 
thrown [t:\workspace\open\src\hotspot\share\classfile\systemDictionary.cpp, line 256]
Event: 0.564 Thread 0x000001b07aaae860 Exception <a 'java/lang/ClassNotFoundException'{0x00000007111804f0}: RootPane> (0x00000007111804f0) 
thrown [t:\workspace\open\src\hotspot\share\classfile\systemDictionary.cpp, line 256]
Event: 0.598 Thread 0x000001b07aaae860 Exception <a 'java/lang/NoSuchMethodError'{0x0000000710f18f20}: 'java.lang.Object java.lang.invoke.DirectMethodHandle$Holder.invokeStaticInit(java.lang.Object, int, int, int, int)'> (0x0000000710f18f20) 
thrown [t:\workspace\open\src\hotspot\share\interpreter\linkResolver.cpp, line 790]
Event: 0.606 Thread 0x000001b07aaae860 Exception <a 'java/lang/ClassNotFoundException'{0x0000000710f27ed8}: com/sun/swing/internal/plaf/synth/resources/spi/synthProvider> (0x0000000710f27ed8) 
thrown [t:\workspace\open\src\hotspot\share\classfile\systemDictionary.cpp, line 256]
Event: 0.834 Thread 0x000001b001014ed0 Exception <a 'java/lang/NoSuchMethodError'{0x0000000710a7fc68}: 'java.lang.Object java.lang.invoke.DirectMethodHandle$Holder.newInvokeSpecial(java.lang.Object, java.lang.Object, java.lang.Object, int, int, int, int, int)'> (0x0000000710a7fc68) 
thrown [t:\workspace\open\src\hotspot\share\interpreter\linkResolver.cpp, line 790]
Event: 1.201 Thread 0x000001b07aaae860 Implicit null exception at 0x000001b0645a7450 to 0x000001b0645a74b3
Event: 1.208 Thread 0x000001b07aaae860 Implicit null exception at 0x000001b0645a80a4 to 0x000001b0645a8188
Event: 1.209 Thread 0x000001b07aaae860 Implicit null exception at 0x000001b06458d469 to 0x000001b06458d520
Event: 9.606 Thread 0x000001b07aaae860 Exception <a 'java/lang/NoSuchMethodError'{0x0000000710340460}: 'java.lang.Object java.lang.invoke.DirectMethodHandle$Holder.invokeInterface(java.lang.Object, java.lang.Object)'> (0x0000000710340460) 
thrown [t:\workspace\open\src\hotspot\share\interpreter\linkResolver.cpp, line 790]
Event: 9.902 Thread 0x000001b07aaae860 Exception <a 'java/lang/NoSuchMethodError'{0x0000000711281958}: 'void java.lang.invoke.DirectMethodHandle$Holder.invokeStatic(java.lang.Object, java.lang.Object)'> (0x0000000711281958) 
thrown [t:\workspace\open\src\hotspot\share\interpreter\linkResolver.cpp, line 790]
Event: 35.444 Thread 0x000001b07aaae860 Implicit null exception at 0x000001b06467e48c to 0x000001b06468380c
Event: 35.465 Thread 0x000001b07aaae860 Exception <a 'java/lang/NoSuchMethodError'{0x0000000710dd5d20}: 'int java.lang.invoke.DirectMethodHandle$Holder.invokeStatic(java.lang.Object)'> (0x0000000710dd5d20) 
thrown [t:\workspace\open\src\hotspot\share\interpreter\linkResolver.cpp, line 790]
Event: 36.486 Thread 0x000001b07aaae860 Implicit null exception at 0x000001b06467a7ec to 0x000001b06467bd48

Events (20 events):
Event: 32716.221 loading class javax/swing/RepaintManager$DisplayChangedRunnable
Event: 32716.221 loading class javax/swing/RepaintManager$DisplayChangedRunnable done
Event: 32716.264 Thread 0x000001b00110ff00 Thread added: 0x000001b00110ff00
Event: 32716.347 Executing  VM operation: Cleanup
Event: 32716.347 Executing  VM operation: Cleanup done
Event: 32718.224 Thread 0x000001b00110ff00 Thread exited: 0x000001b00110ff00
Event: 32718.364 Executing  VM operation: Cleanup
Event: 32718.364 Executing  VM operation: Cleanup done
Event: 32719.370 Executing  VM operation: Cleanup
Event: 32719.370 Executing  VM operation: Cleanup done
Event: 34655.825 Executing  VM operation: Cleanup
Event: 34655.825 Executing  VM operation: Cleanup done
Event: 34656.827 Executing  VM operation: Cleanup
Event: 34656.827 Executing  VM operation: Cleanup done
Event: 34657.833 Executing  VM operation: Cleanup
Event: 34657.833 Executing  VM operation: Cleanup done
Event: 34658.197 Thread 0x000001b001a99f30 Thread added: 0x000001b001a99f30
Event: 34658.197 Thread 0x000001b001a9af20 Thread added: 0x000001b001a9af20
Event: 34658.197 Thread 0x000001b001a9af20 Thread exited: 0x000001b001a9af20
Event: 34658.197 Thread 0x000001b001ae3a30 Thread exited: 0x000001b001ae3a30


Dynamic libraries:
0x00007ff751830000 - 0x00007ff751840000 	C:\Program Files\Java\jdk-16\bin\java.exe
0x00007ffb8d930000 - 0x00007ffb8db25000 	C:\Windows\SYSTEM32\ntdll.dll
0x00007ffb8d7d0000 - 0x00007ffb8d88d000 	C:\Windows\System32\KERNEL32.DLL
0x00007ffb8b670000 - 0x00007ffb8b938000 	C:\Windows\System32\KERNELBASE.dll
0x00007ffb8b490000 - 0x00007ffb8b590000 	C:\Windows\System32\ucrtbase.dll
0x00007ffb7e7e0000 - 0x00007ffb7e7f9000 	C:\Program Files\Java\jdk-16\bin\VCRUNTIME140.dll
0x00007ffb86a40000 - 0x00007ffb86a58000 	C:\Program Files\Java\jdk-16\bin\jli.dll
0x00007ffb8d670000 - 0x00007ffb8d71c000 	C:\Windows\System32\ADVAPI32.dll
0x00007ffb8bb60000 - 0x00007ffb8bbfe000 	C:\Windows\System32\msvcrt.dll
0x00007ffb8bce0000 - 0x00007ffb8bd7b000 	C:\Windows\System32\sechost.dll
0x00007ffb8c4d0000 - 0x00007ffb8c5fb000 	C:\Windows\System32\RPCRT4.dll
0x00007ffb8cde0000 - 0x00007ffb8cf80000 	C:\Windows\System32\USER32.dll
0x00007ffb78d30000 - 0x00007ffb78fca000 	C:\Windows\WinSxS\amd64_microsoft.windows.common-controls_6595b64144ccf1df_6.0.19041.844_none_ca00b6081b84eb1d\COMCTL32.dll
0x00007ffb8b3b0000 - 0x00007ffb8b3d2000 	C:\Windows\System32\win32u.dll
0x00007ffb8d640000 - 0x00007ffb8d66a000 	C:\Windows\System32\GDI32.dll
0x00007ffb8b1d0000 - 0x00007ffb8b2db000 	C:\Windows\System32\gdi32full.dll
0x00007ffb8b2e0000 - 0x00007ffb8b37d000 	C:\Windows\System32\msvcp_win.dll
0x00007ffb854a0000 - 0x00007ffb854aa000 	C:\Windows\SYSTEM32\VERSION.dll
0x00007ffb8d530000 - 0x00007ffb8d560000 	C:\Windows\System32\IMM32.DLL
0x00007ffb824f0000 - 0x00007ffb824fc000 	C:\Program Files\Java\jdk-16\bin\vcruntime140_1.dll
0x00007ffb753a0000 - 0x00007ffb75431000 	C:\Program Files\Java\jdk-16\bin\msvcp140.dll
0x00007ffb5e950000 - 0x00007ffb5f4fb000 	C:\Program Files\Java\jdk-16\bin\server\jvm.dll
0x00007ffb8d1c0000 - 0x00007ffb8d1c8000 	C:\Windows\System32\PSAPI.DLL
0x00007ffb868c0000 - 0x00007ffb868c9000 	C:\Windows\SYSTEM32\WSOCK32.dll
0x00007ffb80820000 - 0x00007ffb80847000 	C:\Windows\SYSTEM32\WINMM.dll
0x00007ffb8cd70000 - 0x00007ffb8cddb000 	C:\Windows\System32\WS2_32.dll
0x00007ffb88fd0000 - 0x00007ffb88fe2000 	C:\Windows\SYSTEM32\kernel.appcore.dll
0x00007ffb7e7d0000 - 0x00007ffb7e7da000 	C:\Program Files\Java\jdk-16\bin\jimage.dll
0x00007ffb85920000 - 0x00007ffb85b04000 	C:\Windows\SYSTEM32\DBGHELP.DLL
0x00007ffb799e0000 - 0x00007ffb79a0c000 	C:\Windows\SYSTEM32\dbgcore.DLL
0x00007ffb8b5f0000 - 0x00007ffb8b670000 	C:\Windows\System32\bcryptPrimitives.dll
0x00007ffb7b100000 - 0x00007ffb7b125000 	C:\Program Files\Java\jdk-16\bin\java.dll
0x00007ffb8c600000 - 0x00007ffb8cd42000 	C:\Windows\System32\SHELL32.dll
0x00007ffb891d0000 - 0x00007ffb89961000 	C:\Windows\SYSTEM32\windows.storage.dll
0x00007ffb8d1d0000 - 0x00007ffb8d525000 	C:\Windows\System32\combase.dll
0x00007ffb8aa10000 - 0x00007ffb8aa3c000 	C:\Windows\SYSTEM32\Wldp.dll
0x00007ffb8b990000 - 0x00007ffb8ba3e000 	C:\Windows\System32\SHCORE.dll
0x00007ffb8bc80000 - 0x00007ffb8bcd5000 	C:\Windows\System32\shlwapi.dll
0x00007ffb8afb0000 - 0x00007ffb8afcf000 	C:\Windows\SYSTEM32\profapi.dll
0x00007ffb7e770000 - 0x00007ffb7e789000 	C:\Program Files\Java\jdk-16\bin\net.dll
0x00007ffb7da90000 - 0x00007ffb7db9b000 	C:\Windows\SYSTEM32\WINHTTP.dll
0x00007ffb8a780000 - 0x00007ffb8a7ea000 	C:\Windows\system32\mswsock.dll
0x00007ffb7e120000 - 0x00007ffb7e133000 	C:\Program Files\Java\jdk-16\bin\nio.dll
0x00007ffb77350000 - 0x00007ffb77368000 	C:\Program Files\Java\jdk-16\bin\zip.dll
0x00007ffb62d90000 - 0x00007ffb62f10000 	C:\Program Files\Java\jdk-16\bin\awt.dll
0x00007ffb8c400000 - 0x00007ffb8c4cd000 	C:\Windows\System32\OLEAUT32.dll
0x00007ffb88a20000 - 0x00007ffb88ab0000 	C:\Windows\SYSTEM32\apphelp.dll
0x00007ffb88df0000 - 0x00007ffb88e1f000 	C:\Windows\system32\DWMAPI.DLL
0x00007ffb88b10000 - 0x00007ffb88bae000 	C:\Windows\system32\uxtheme.dll
0x00007ffb65410000 - 0x00007ffb65536000 	C:\Windows\system32\opengl32.dll
0x00007ffb77370000 - 0x00007ffb7739c000 	C:\Windows\SYSTEM32\GLU32.dll
0x00007ffb8ba40000 - 0x00007ffb8bb55000 	C:\Windows\System32\MSCTF.dll
0x0000000180000000 - 0x00000001803cc000 	C:\Program Files (x86)\RivaTuner Statistics Server\RTSSHooks64.dll
0x00007ffb8bd80000 - 0x00007ffb8c1e9000 	C:\Windows\System32\SETUPAPI.dll
0x00007ffb8b940000 - 0x00007ffb8b98e000 	C:\Windows\System32\cfgmgr32.dll
0x00007ffb8b380000 - 0x00007ffb8b3a7000 	C:\Windows\System32\bcrypt.dll
0x00007ffb8c1f0000 - 0x00007ffb8c31a000 	C:\Windows\System32\ole32.dll
0x00007ffb5c670000 - 0x00007ffb5c83e000 	C:\Windows\system32\d3d9.dll
0x00007ffb80850000 - 0x00007ffb80a2b000 	C:\Windows\System32\DriverStore\FileRepository\u0363193.inf_amd64_e89a8015b2ee3cd6\B363259\aticfx64.dll
0x00007ffb85880000 - 0x00007ffb858b3000 	C:\Windows\System32\DriverStore\FileRepository\u0363193.inf_amd64_e89a8015b2ee3cd6\B363259\atiu9p64.dll
0x00007ffb42e20000 - 0x00007ffb43b32000 	C:\Windows\System32\DriverStore\FileRepository\u0363193.inf_amd64_e89a8015b2ee3cd6\B363259\atiumd64.dll
0x000000005ca10000 - 0x000000005d8cc000 	C:\Windows\System32\DriverStore\FileRepository\u0363193.inf_amd64_e89a8015b2ee3cd6\B363259\atiumd6a.dll
0x00007ffb8ab30000 - 0x00007ffb8ab7b000 	C:\Windows\SYSTEM32\POWRPROF.dll
0x00007ffb8ab10000 - 0x00007ffb8ab22000 	C:\Windows\SYSTEM32\UMPDC.dll
0x00007ffb7e8a0000 - 0x00007ffb7e8d0000 	C:\Windows\SYSTEM32\amdihk64.dll
0x00007ffb80a30000 - 0x00007ffb80a6b000 	C:\Windows\SYSTEM32\dxcore.dll
0x00007ffb74500000 - 0x00007ffb74589000 	C:\Program Files\Java\jdk-16\bin\freetype.dll
0x00007ffb5b380000 - 0x00007ffb5b476000 	C:\Program Files\Java\jdk-16\bin\harfbuzz.dll
0x00007ffb763d0000 - 0x00007ffb763e2000 	C:\Program Files\Java\jdk-16\bin\fontmanager.dll
0x00007ffb82740000 - 0x00007ffb82839000 	C:\Windows\SYSTEM32\textinputframework.dll
0x00007ffb88380000 - 0x00007ffb886de000 	C:\Windows\System32\CoreUIComponents.dll
0x00007ffb886e0000 - 0x00007ffb887d2000 	C:\Windows\System32\CoreMessaging.dll
0x00007ffb89df0000 - 0x00007ffb89e23000 	C:\Windows\SYSTEM32\ntmarta.dll
0x00007ffb87c20000 - 0x00007ffb87d74000 	C:\Windows\SYSTEM32\wintypes.dll
0x00007ffb8d720000 - 0x00007ffb8d7c9000 	C:\Windows\System32\clbcatq.dll
0x00007ffb83a20000 - 0x00007ffb83bd4000 	C:\Windows\SYSTEM32\WindowsCodecs.dll
0x00007ffb7d810000 - 0x00007ffb7d84e000 	C:\Windows\system32\dataexchange.dll
0x00007ffb87280000 - 0x00007ffb874e4000 	C:\Windows\system32\d3d11.dll
0x00007ffb87d80000 - 0x00007ffb87f65000 	C:\Windows\system32\dcomp.dll
0x00007ffb899b0000 - 0x00007ffb89aa3000 	C:\Windows\system32\dxgi.dll
0x00007ffb84b50000 - 0x00007ffb84d51000 	C:\Windows\system32\twinapi.appcore.dll
0x00007ffb7e7c0000 - 0x00007ffb7e7d0000 	C:\Program Files\Java\jdk-16\bin\verify.dll
0x00007ffb8a4b0000 - 0x00007ffb8a57c000 	C:\Windows\SYSTEM32\DNSAPI.dll
0x00007ffb8a470000 - 0x00007ffb8a4ab000 	C:\Windows\SYSTEM32\IPHLPAPI.DLL
0x00007ffb8cd60000 - 0x00007ffb8cd68000 	C:\Windows\System32\NSI.dll
0x00007ffb7cf80000 - 0x00007ffb7cf8a000 	C:\Windows\System32\rasadhlp.dll
0x00007ffb7da10000 - 0x00007ffb7da8f000 	C:\Windows\System32\fwpuclnt.dll

dbghelp: loaded successfully - version: 4.0.5 - missing functions: none
symbol engine: initialized successfully - sym options: 0x614 - pdb path: .;C:\Program Files\Java\jdk-16\bin;C:\Windows\SYSTEM32;C:\Windows\WinSxS\amd64_microsoft.windows.common-controls_6595b64144ccf1df_6.0.19041.844_none_ca00b6081b84eb1d;C:\Program Files\Java\jdk-16\bin\server;C:\Program Files (x86)\RivaTuner Statistics Server;C:\Windows\System32\DriverStore\FileRepository\u0363193.inf_amd64_e89a8015b2ee3cd6\B363259

VM Arguments:
java_command: com.mycompany.projetintegre.JfMain
java_class_path (initial): C:\Users\PC GAMER\Documents\NetBeansProjects\projetIntegre\target\classes;C:\Users\PC GAMER\.m2\repository\mysql\mysql-connector-java\5.1.36\mysql-connector-java-5.1.36.jar;C:\Users\PC GAMER\.m2\repository\org\netbeans\external\AbsoluteLayout\RELEASE123\AbsoluteLayout-RELEASE123.jar;C:\Users\PC GAMER\.m2\repository\unknown\binary\KGradientPanel\SNAPSHOT\KGradientPanel-SNAPSHOT.jar;C:\Users\PC GAMER\.m2\repository\com\sun\mail\javax.mail\1.6.2\javax.mail-1.6.2.jar;C:\Users\PC GAMER\.m2\repository\javax\activation\activation\1.1\activation-1.1.jar;C:\Users\PC GAMER\.m2\repository\com\toedter\jcalendar\1.4\jcalendar-1.4.jar
Launcher Type: SUN_STANDARD

[Global flags]
     intx CICompilerCount                          = 4                                         {product} {ergonomic}
     uint ConcGCThreads                            = 3                                         {product} {ergonomic}
     uint G1ConcRefinementThreads                  = 10                                        {product} {ergonomic}
   size_t G1HeapRegionSize                         = 2097152                                   {product} {ergonomic}
    uintx GCDrainStackTargetSize                   = 64                                        {product} {ergonomic}
   size_t InitialHeapSize                          = 268435456                                 {product} {ergonomic}
   size_t MarkStackSize                            = 4194304                                   {product} {ergonomic}
   size_t MaxHeapSize                              = 4271898624                                {product} {ergonomic}
   size_t MaxNewSize                               = 2562719744                                {product} {ergonomic}
   size_t MinHeapDeltaBytes                        = 2097152                                   {product} {ergonomic}
   size_t MinHeapSize                              = 8388608                                   {product} {ergonomic}
    uintx NonNMethodCodeHeapSize                   = 5839372                                {pd product} {ergonomic}
    uintx NonProfiledCodeHeapSize                  = 122909434                              {pd product} {ergonomic}
    uintx ProfiledCodeHeapSize                     = 122909434                              {pd product} {ergonomic}
    uintx ReservedCodeCacheSize                    = 251658240                              {pd product} {ergonomic}
     bool SegmentedCodeCache                       = true                                      {product} {ergonomic}
   size_t SoftMaxHeapSize                          = 4271898624                             {manageable} {ergonomic}
     bool UseCompressedClassPointers               = true                           {product lp64_product} {ergonomic}
     bool UseCompressedOops                        = true                           {product lp64_product} {ergonomic}
     bool UseG1GC                                  = true                                      {product} {ergonomic}
     bool UseLargePagesIndividualAllocation        = false                                  {pd product} {ergonomic}

Logging:
Log output configuration:
 #0: stdout all=warning uptime,level,tags
 #1: stderr all=off uptime,level,tags

Environment Variables:
JAVA_HOME=C:\Program Files\Java\jdk-16
PATH=C:\Program Files\Common Files\Oracle\Java\javapath;C:\Windows\system32;C:\Windows;C:\Windows\System32\Wbem;C:\Windows\System32\WindowsPowerShell\v1.0\;C:\Windows\System32\OpenSSH\;C:\TDM-GCC-64\bin;C:\Users\PC GAMER\AppData\Local\Microsoft\WindowsApps;
USERNAME=PC GAMER
OS=Windows_NT
PROCESSOR_IDENTIFIER=Intel64 Family 6 Model 165 Stepping 3, GenuineIntel



---------------  S Y S T E M  ---------------

OS:
 Windows 10 , 64 bit Build 19041 (10.0.19041.928)
OS uptime: 11 days 18:56 hours

CPU: total 12 (initial active 12) (6 cores per cpu, 2 threads per core) family 6 model 165 stepping 3 microcode 0xe0, cx8, cmov, fxsr, ht, mmx, 3dnowpref, sse, sse2, sse3, ssse3, sse4.1, sse4.2, popcnt, lzcnt, tsc, tscinvbit, avx, avx2, aes, erms, clmul, bmi1, bmi2, adx, fma, vzeroupper, clflush, clflushopt

Memory: 4k page, system-wide physical 16292M (9897M free)
TotalPageFile size 18724M (AvailPageFile size 8782M)
current process WorkingSet (physical memory assigned to process): 226M, peak: 234M
current process commit charge ("private bytes"): 546M, peak: 556M

vm_info: Java HotSpot(TM) 64-Bit Server VM (16+36-2231) for windows-amd64 JRE (16+36-2231), built on Feb  8 2021 11:43:10 by "mach5one" with MS VC++ 16.7 (VS2019)

END.
