#
# A fatal error has been detected by the Java Runtime Environment:
#
#  EXCEPTION_ACCESS_VIOLATION (0xc0000005) at pc=0x00007ff952ae5cd6, pid=9316, tid=12732
#
# JRE version: Java(TM) SE Runtime Environment (16.0+36) (build 16+36-2231)
# Java VM: Java HotSpot(TM) 64-Bit Server VM (16+36-2231, mixed mode, sharing, tiered, compressed oops, g1 gc, windows-amd64)
# Problematic frame:
# C  [atiumd64.dll+0x145cd6]
#
# No core dump will be written. Minidumps are not enabled by default on client versions of Windows
#
# If you would like to submit a bug report, please visit:
#   https://bugreport.java.com/bugreport/crash.jsp
# The crash happened outside the Java Virtual Machine in native code.
# See problematic frame for where to report the bug.
#

---------------  S U M M A R Y ------------

Command Line: com.mycompany.projetintegre.JfMain

Host: Intel(R) Core(TM) i5-10400F CPU @ 2.90GHz, 12 cores, 15G,  Windows 10 , 64 bit Build 19041 (10.0.19041.928)
Time: Wed May 19 21:37:31 2021 Morocco Standard Time elapsed time: 2601.663959 seconds (0d 0h 43m 21s)

---------------  T H R E A D  ---------------

Current thread (0x000001cd2bf56fe0):  JavaThread "AWT-Windows" daemon [_thread_in_native, id=12732, stack(0x00000056ced00000,0x00000056cee00000)]

Stack: [0x00000056ced00000,0x00000056cee00000],  sp=0x00000056cedfbd70,  free space=1007k
Native frames: (J=compiled Java code, j=interpreted, Vv=VM code, C=native code)
C  [atiumd64.dll+0x145cd6]

Java frames: (J=compiled Java code, j=interpreted, Vv=VM code)
j  sun.java2d.d3d.D3DSurfaceData.initTexture(JZZ)Z+0 java.desktop@16
j  sun.java2d.d3d.D3DSurfaceData.initSurfaceNow()Z+80 java.desktop@16
j  sun.java2d.d3d.D3DSurfaceData$1.run()V+8 java.desktop@16
v  ~StubRoutines::call_stub
j  sun.awt.windows.WToolkit.eventLoop()V+0 java.desktop@16
j  sun.awt.windows.WToolkit.run()V+50 java.desktop@16
j  java.lang.Thread.run()V+11 java.base@16
v  ~StubRoutines::call_stub

siginfo: EXCEPTION_ACCESS_VIOLATION (0xc0000005), reading address 0xffffffffffffffff


Register to memory mapping:

RIP=0x00007ff952ae5cd6 atiumd64.dll
RAX=0x4000664080005f40 is an unknown value
RBX=0x0 is NULL
RCX=0x000001cd31bc5488 points into unknown readable memory: 0x4000664080005f40 | 40 5f 00 80 40 66 00 40
RDX=0x00000056cedfc498 is pointing into the stack for thread: 0x000001cd2bf56fe0
RSP=0x00000056cedfbd70 is pointing into the stack for thread: 0x000001cd2bf56fe0
RBP=0x00000056cedfbe70 is pointing into the stack for thread: 0x000001cd2bf56fe0
RSI=0x0 is NULL
RDI=0x00000056cedfc480 is pointing into the stack for thread: 0x000001cd2bf56fe0
R8 =0x0 is NULL
R9 =0x0000000000000008 is an unknown value
R10=0x0000000000000020 is an unknown value
R11=0x0000000000202000 is an unknown value
R12=0x0 is NULL
R13=0x000001cd31bc5488 points into unknown readable memory: 0x4000664080005f40 | 40 5f 00 80 40 66 00 40
R14=0x0 is NULL
R15=0x0000000000000001 is an unknown value


Registers:
RAX=0x4000664080005f40, RBX=0x0000000000000000, RCX=0x000001cd31bc5488, RDX=0x00000056cedfc498
RSP=0x00000056cedfbd70, RBP=0x00000056cedfbe70, RSI=0x0000000000000000, RDI=0x00000056cedfc480
R8 =0x0000000000000000, R9 =0x0000000000000008, R10=0x0000000000000020, R11=0x0000000000202000
R12=0x0000000000000000, R13=0x000001cd31bc5488, R14=0x0000000000000000, R15=0x0000000000000001
RIP=0x00007ff952ae5cd6, EFLAGS=0x0000000000010246

Top of Stack: (sp=0x00000056cedfbd70)
0x00000056cedfbd70:   0000000000000000 0000000000000000
0x00000056cedfbd80:   000001cd2f573cd8 00007ff952b3f90d
0x00000056cedfbd90:   000000000000a33a 000000000000a31f
0x00000056cedfbda0:   0000005600000000 0000000000000001
0x00000056cedfbdb0:   0000000000000000 00007ff952b16167
0x00000056cedfbdc0:   000001cd00000002 00007ff900000000
0x00000056cedfbdd0:   00700007001164a0 0000000000000007
0x00000056cedfbde0:   0000000000000000 00007ff952b401fb
0x00000056cedfbdf0:   0000000800000001 0000000000000020
0x00000056cedfbe00:   0000000000000000 000001cd2f573cd8
0x00000056cedfbe10:   0000000000000000 000000000000000f
0x00000056cedfbe20:   0000000000000000 0000000000000000
0x00000056cedfbe30:   00000056cedfc498 0000000000000001
0x00000056cedfbe40:   0000000000000000 0000000000000000
0x00000056cedfbe50:   0000000000000001 0000000000000000
0x00000056cedfbe60:   0000000000000000 00000056cedfc470 

Instructions: (pc=0x00007ff952ae5cd6)
0x00007ff952ae5bd6:   f8 8b 87 bc 05 00 00 89 45 74 48 8d 87 e0 02 00
0x00007ff952ae5be6:   00 48 89 85 80 00 00 00 48 89 85 88 00 00 00 41
0x00007ff952ae5bf6:   8b c0 f7 d8 44 89 7d e0 41 8b c0 f3 0f 11 45 70
0x00007ff952ae5c06:   1b d2 44 89 85 c0 00 00 00 81 e2 00 00 10 00 41
0x00007ff952ae5c16:   c1 e3 0a 41 0b d1 41 bf 01 00 00 00 41 33 d3 81
0x00007ff952ae5c26:   e2 00 00 08 00 f7 d8 1b c9 41 0f ba f1 14 81 e1
0x00007ff952ae5c36:   00 00 10 00 41 0b c9 33 d1 41 8b cc 89 55 84 45
0x00007ff952ae5c46:   85 c0 74 26 45 2b c7 74 17 45 2b c7 74 0b 45 3b
0x00007ff952ae5c56:   c7 75 17 41 8d 4f 02 eb 11 b9 02 00 00 00 eb 0a
0x00007ff952ae5c66:   41 8b cf 0f 1f 80 00 00 00 00 8b c1 ff c1 83 e1
0x00007ff952ae5c76:   03 44 89 a4 85 30 01 00 00 44 89 bc 8d 30 01 00
0x00007ff952ae5c86:   00 ff c1 83 e1 03 c7 84 8d 30 01 00 00 02 00 00
0x00007ff952ae5c96:   00 8d 41 01 83 e0 03 c7 84 85 30 01 00 00 03 00
0x00007ff952ae5ca6:   00 00 8b 87 60 06 00 00 48 8b 55 c0 89 85 dc 00
0x00007ff952ae5cb6:   00 00 8b 87 6c 06 00 00 89 85 34 02 00 00 48 85
0x00007ff952ae5cc6:   d2 74 18 83 7d c8 01 75 12 49 8b 45 00 49 8b cd
0x00007ff952ae5cd6:   ff 50 08 41 8b f7 83 f8 01 74 03 41 8b f4 48 8b
0x00007ff952ae5ce6:   55 b0 48 85 d2 74 18 83 7d b8 01 75 12 49 8b 45
0x00007ff952ae5cf6:   00 49 8b cd ff 50 08 83 f8 01 41 8b c7 74 03 41
0x00007ff952ae5d06:   8b c4 8b 4d 80 83 f9 01 74 27 85 c9 0f 85 2a 01
0x00007ff952ae5d16:   00 00 85 c0 0f 84 22 01 00 00 85 f6 0f 84 1a 01
0x00007ff952ae5d26:   00 00 f7 45 84 00 00 04 00 0f 85 0d 01 00 00 eb
0x00007ff952ae5d36:   08 85 f6 0f 84 03 01 00 00 83 7d e0 01 0f 85 f9
0x00007ff952ae5d46:   00 00 00 48 8b 45 f8 ba 05 00 00 00 4c 89 64 24
0x00007ff952ae5d56:   48 8b 48 08 2b 08 48 8b 45 c0 89 4c 24 50 48 8d
0x00007ff952ae5d66:   8d d0 02 00 00 44 89 7c 24 54 48 8d 89 80 00 00
0x00007ff952ae5d76:   00 0f 10 00 48 8d 80 80 00 00 00 0f 11 41 80 0f
0x00007ff952ae5d86:   10 48 90 0f 11 49 90 0f 10 40 a0 0f 11 41 a0 0f
0x00007ff952ae5d96:   10 48 b0 0f 11 49 b0 0f 10 40 c0 0f 11 41 c0 0f
0x00007ff952ae5da6:   10 48 d0 0f 11 49 d0 0f 10 40 e0 0f 11 41 e0 0f
0x00007ff952ae5db6:   10 48 f0 0f 11 49 f0 48 83 ea 01 75 ad 0f 10 00
0x00007ff952ae5dc6:   45 33 c0 0f 11 01 0f 10 48 10 0f 11 49 10 0f 10 


Stack slot to memory mapping:
stack at sp + 0 slots: 0x0 is NULL
stack at sp + 1 slots: 0x0 is NULL
stack at sp + 2 slots: 0x000001cd2f573cd8 points into unknown readable memory: 0x00007ff9531891f0 | f0 91 18 53 f9 7f 00 00
stack at sp + 3 slots: 0x00007ff952b3f90d atiumd64.dll
stack at sp + 4 slots: 0x000000000000a33a is an unknown value
stack at sp + 5 slots: 0x000000000000a31f is an unknown value
stack at sp + 6 slots: 0x0000005600000000 is an unknown value
stack at sp + 7 slots: 0x0000000000000001 is an unknown value


---------------  P R O C E S S  ---------------

Threads class SMR info:
_java_thread_list=0x000001cd33db4a60, length=19, elements={
0x000001cd2b0e5720, 0x000001cd2b0e62f0, 0x000001cd2b0f7af0, 0x000001cd2b0f8400,
0x000001cd2b0f8d10, 0x000001cd2b0f9620, 0x000001cd2b0fd810, 0x000001cd2b108230,
0x000001cd2b117390, 0x000001cd2bd0c190, 0x000001cd2bd17df0, 0x000001cd2bf4f010,
0x000001cd2bf51ff0, 0x000001cd2bf56fe0, 0x000001cd2d07f580, 0x000001cd0609ba90,
0x000001cd33028a50, 0x000001cd33219f00, 0x000001cd3391dd80
}

Java Threads: ( => current thread )
  0x000001cd2b0e5720 JavaThread "Reference Handler" daemon [_thread_blocked, id=11856, stack(0x00000056cdf00000,0x00000056ce000000)]
  0x000001cd2b0e62f0 JavaThread "Finalizer" daemon [_thread_blocked, id=3508, stack(0x00000056ce000000,0x00000056ce100000)]
  0x000001cd2b0f7af0 JavaThread "Signal Dispatcher" daemon [_thread_blocked, id=10380, stack(0x00000056ce100000,0x00000056ce200000)]
  0x000001cd2b0f8400 JavaThread "Attach Listener" daemon [_thread_blocked, id=7076, stack(0x00000056ce200000,0x00000056ce300000)]
  0x000001cd2b0f8d10 JavaThread "Service Thread" daemon [_thread_blocked, id=3060, stack(0x00000056ce300000,0x00000056ce400000)]
  0x000001cd2b0f9620 JavaThread "Monitor Deflation Thread" daemon [_thread_blocked, id=6780, stack(0x00000056ce400000,0x00000056ce500000)]
  0x000001cd2b0fd810 JavaThread "C2 CompilerThread0" daemon [_thread_blocked, id=9012, stack(0x00000056ce500000,0x00000056ce600000)]
  0x000001cd2b108230 JavaThread "C1 CompilerThread0" daemon [_thread_blocked, id=8372, stack(0x00000056ce600000,0x00000056ce700000)]
  0x000001cd2b117390 JavaThread "Sweeper thread" daemon [_thread_blocked, id=3624, stack(0x00000056ce700000,0x00000056ce800000)]
  0x000001cd2bd0c190 JavaThread "Notification Thread" daemon [_thread_blocked, id=5012, stack(0x00000056ce800000,0x00000056ce900000)]
  0x000001cd2bd17df0 JavaThread "Common-Cleaner" daemon [_thread_blocked, id=7268, stack(0x00000056cea00000,0x00000056ceb00000)]
  0x000001cd2bf4f010 JavaThread "Java2D Disposer" daemon [_thread_blocked, id=11800, stack(0x00000056ceb00000,0x00000056cec00000)]
  0x000001cd2bf51ff0 JavaThread "AWT-Shutdown" [_thread_blocked, id=7544, stack(0x00000056cec00000,0x00000056ced00000)]
=>0x000001cd2bf56fe0 JavaThread "AWT-Windows" daemon [_thread_in_native, id=12732, stack(0x00000056ced00000,0x00000056cee00000)]
  0x000001cd2d07f580 JavaThread "AWT-EventQueue-0" [_thread_in_native, id=10672, stack(0x00000056cff00000,0x00000056d0000000)]
  0x000001cd0609ba90 JavaThread "DestroyJavaVM" [_thread_blocked, id=1116, stack(0x00000056cd800000,0x00000056cd900000)]
  0x000001cd33028a50 JavaThread "TimerQueue" daemon [_thread_blocked, id=13052, stack(0x00000056d0100000,0x00000056d0200000)]
  0x000001cd33219f00 JavaThread "D3D Screen Updater" daemon [_thread_blocked, id=10384, stack(0x00000056d0500000,0x00000056d0600000)]
  0x000001cd3391dd80 JavaThread "Abandoned connection cleanup thread" daemon [_thread_blocked, id=12148, stack(0x00000056d0300000,0x00000056d0400000)]

Other Threads:
  0x000001cd2b0e0cc0 VMThread "VM Thread" [stack: 0x00000056cde00000,0x00000056cdf00000] [id=4408]
  0x000001cd2bd11ae0 WatcherThread [stack: 0x00000056ce900000,0x00000056cea00000] [id=9360]
  0x000001cd060eb670 GCTaskThread "GC Thread#0" [stack: 0x00000056cd900000,0x00000056cda00000] [id=13288]
  0x000001cd33b45430 GCTaskThread "GC Thread#1" [stack: 0x00000056d0000000,0x00000056d0100000] [id=11624]
  0x000001cd33b45740 GCTaskThread "GC Thread#2" [stack: 0x00000056d0700000,0x00000056d0800000] [id=13472]
  0x000001cd2d13f740 GCTaskThread "GC Thread#3" [stack: 0x00000056d0800000,0x00000056d0900000] [id=14104]
  0x000001cd2d1409a0 GCTaskThread "GC Thread#4" [stack: 0x00000056d0900000,0x00000056d0a00000] [id=11144]
  0x000001cd2d140cb0 GCTaskThread "GC Thread#5" [stack: 0x00000056d0a00000,0x00000056d0b00000] [id=2112]
  0x000001cd2d140070 GCTaskThread "GC Thread#6" [stack: 0x00000056d0b00000,0x00000056d0c00000] [id=1088]
  0x000001cd2d140fc0 GCTaskThread "GC Thread#7" [stack: 0x00000056d0c00000,0x00000056d0d00000] [id=3124]
  0x000001cd2d13fa50 GCTaskThread "GC Thread#8" [stack: 0x00000056d0d00000,0x00000056d0e00000] [id=10464]
  0x000001cd2d13fd60 GCTaskThread "GC Thread#9" [stack: 0x00000056d0e00000,0x00000056d0f00000] [id=6664]
  0x000001cd060fd460 ConcurrentGCThread "G1 Main Marker" [stack: 0x00000056cda00000,0x00000056cdb00000] [id=7704]
  0x000001cd060fe500 ConcurrentGCThread "G1 Conc#0" [stack: 0x00000056cdb00000,0x00000056cdc00000] [id=3844]
  0x000001cd2af924c0 ConcurrentGCThread "G1 Refine#0" [stack: 0x00000056cdc00000,0x00000056cdd00000] [id=3672]
  0x000001cd2be14690 ConcurrentGCThread "G1 Refine#1" [stack: 0x00000056d0f00000,0x00000056d1000000] [id=10288]
  0x000001cd332e4410 ConcurrentGCThread "G1 Refine#2" [stack: 0x00000056d1000000,0x00000056d1100000] [id=5072]
  0x000001cd3360ca80 ConcurrentGCThread "G1 Refine#3" [stack: 0x00000056d1100000,0x00000056d1200000] [id=5188]
  0x000001cd2af92dd0 ConcurrentGCThread "G1 Service" [stack: 0x00000056cdd00000,0x00000056cde00000] [id=3816]

Threads with active compile tasks:

VM state: not at safepoint (normal execution)

VM Mutex/Monitor currently owned by a thread: None

Heap address: 0x0000000701600000, size: 4074 MB, Compressed Oops mode: Zero based, Oop shift amount: 3
CDS archive(s) mapped at: [0x0000000800000000-0x0000000800bb0000-0x0000000800bb0000), size 12255232, SharedBaseAddress: 0x0000000800000000, ArchiveRelocationMode: 0.
Compressed class space mapped at: 0x0000000800c00000-0x0000000840c00000, reserved size: 1073741824
Narrow klass base: 0x0000000800000000, Narrow klass shift: 3, Narrow klass range: 0x100000000

GC Precious Log:
 CPUs: 12 total, 12 available
 Memory: 16292M
 Large Page Support: Disabled
 NUMA Support: Disabled
 Compressed Oops: Enabled (Zero based)
 Heap Region Size: 2M
 Heap Min Capacity: 8M
 Heap Initial Capacity: 256M
 Heap Max Capacity: 4074M
 Pre-touch: Disabled
 Parallel Workers: 10
 Concurrent Workers: 3
 Concurrent Refinement Workers: 10
 Periodic GC: Disabled

Heap:
 garbage-first heap   total 262144K, used 28521K [0x0000000701600000, 0x0000000800000000)
  region size 2048K, 6 young (12288K), 2 survivors (4096K)
 Metaspace       used 16750K, committed 16960K, reserved 1064960K
  class space    used 1802K, committed 1920K, reserved 1048576K

Heap Regions: E=young(eden), S=young(survivor), O=old, HS=humongous(starts), HC=humongous(continues), CS=collection set, F=free, OA=open archive, CA=closed archive, TAMS=top-at-mark-start (previous, next)
|   0|0x0000000701600000, 0x00000007017da600, 0x0000000701800000| 92%| O|  |TAMS 0x0000000701600000, 0x0000000701600000| Untracked 
|   1|0x0000000701800000, 0x0000000701a00000, 0x0000000701a00000|100%|HS|  |TAMS 0x0000000701800000, 0x0000000701800000| Complete 
|   2|0x0000000701a00000, 0x0000000701c00000, 0x0000000701c00000|100%|HC|  |TAMS 0x0000000701a00000, 0x0000000701a00000| Complete 
|   3|0x0000000701c00000, 0x0000000701e00000, 0x0000000701e00000|100%|HC|  |TAMS 0x0000000701c00000, 0x0000000701c00000| Complete 
|   4|0x0000000701e00000, 0x0000000702000000, 0x0000000702000000|100%|HC|  |TAMS 0x0000000701e00000, 0x0000000701e00000| Complete 
|   5|0x0000000702000000, 0x0000000702200000, 0x0000000702200000|100%|HS|  |TAMS 0x0000000702000000, 0x0000000702000000| Complete 
|   6|0x0000000702200000, 0x0000000702400000, 0x0000000702400000|100%|HC|  |TAMS 0x0000000702200000, 0x0000000702200000| Complete 
|   7|0x0000000702400000, 0x0000000702600000, 0x0000000702600000|100%|HC|  |TAMS 0x0000000702400000, 0x0000000702400000| Complete 
|   8|0x0000000702600000, 0x0000000702800000, 0x0000000702800000|100%|HC|  |TAMS 0x0000000702600000, 0x0000000702600000| Complete 
|   9|0x0000000702800000, 0x0000000702800000, 0x0000000702a00000|  0%| F|  |TAMS 0x0000000702800000, 0x0000000702800000| Untracked 
|  10|0x0000000702a00000, 0x0000000702a00000, 0x0000000702c00000|  0%| F|  |TAMS 0x0000000702a00000, 0x0000000702a00000| Untracked 
|  11|0x0000000702c00000, 0x0000000702c00000, 0x0000000702e00000|  0%| F|  |TAMS 0x0000000702c00000, 0x0000000702c00000| Untracked 
|  12|0x0000000702e00000, 0x0000000702e00000, 0x0000000703000000|  0%| F|  |TAMS 0x0000000702e00000, 0x0000000702e00000| Untracked 
|  13|0x0000000703000000, 0x0000000703000000, 0x0000000703200000|  0%| F|  |TAMS 0x0000000703000000, 0x0000000703000000| Untracked 
|  14|0x0000000703200000, 0x0000000703200000, 0x0000000703400000|  0%| F|  |TAMS 0x0000000703200000, 0x0000000703200000| Untracked 
|  15|0x0000000703400000, 0x0000000703400000, 0x0000000703600000|  0%| F|  |TAMS 0x0000000703400000, 0x0000000703400000| Untracked 
|  16|0x0000000703600000, 0x0000000703600000, 0x0000000703800000|  0%| F|  |TAMS 0x0000000703600000, 0x0000000703600000| Untracked 
|  17|0x0000000703800000, 0x0000000703800000, 0x0000000703a00000|  0%| F|  |TAMS 0x0000000703800000, 0x0000000703800000| Untracked 
|  18|0x0000000703a00000, 0x0000000703a00000, 0x0000000703c00000|  0%| F|  |TAMS 0x0000000703a00000, 0x0000000703a00000| Untracked 
|  19|0x0000000703c00000, 0x0000000703c00000, 0x0000000703e00000|  0%| F|  |TAMS 0x0000000703c00000, 0x0000000703c00000| Untracked 
|  20|0x0000000703e00000, 0x0000000703e00000, 0x0000000704000000|  0%| F|  |TAMS 0x0000000703e00000, 0x0000000703e00000| Untracked 
|  21|0x0000000704000000, 0x0000000704000000, 0x0000000704200000|  0%| F|  |TAMS 0x0000000704000000, 0x0000000704000000| Untracked 
|  22|0x0000000704200000, 0x0000000704200000, 0x0000000704400000|  0%| F|  |TAMS 0x0000000704200000, 0x0000000704200000| Untracked 
|  23|0x0000000704400000, 0x0000000704400000, 0x0000000704600000|  0%| F|  |TAMS 0x0000000704400000, 0x0000000704400000| Untracked 
|  24|0x0000000704600000, 0x0000000704600000, 0x0000000704800000|  0%| F|  |TAMS 0x0000000704600000, 0x0000000704600000| Untracked 
|  25|0x0000000704800000, 0x0000000704800000, 0x0000000704a00000|  0%| F|  |TAMS 0x0000000704800000, 0x0000000704800000| Untracked 
|  26|0x0000000704a00000, 0x0000000704a00000, 0x0000000704c00000|  0%| F|  |TAMS 0x0000000704a00000, 0x0000000704a00000| Untracked 
|  27|0x0000000704c00000, 0x0000000704c00000, 0x0000000704e00000|  0%| F|  |TAMS 0x0000000704c00000, 0x0000000704c00000| Untracked 
|  28|0x0000000704e00000, 0x0000000704e00000, 0x0000000705000000|  0%| F|  |TAMS 0x0000000704e00000, 0x0000000704e00000| Untracked 
|  29|0x0000000705000000, 0x0000000705000000, 0x0000000705200000|  0%| F|  |TAMS 0x0000000705000000, 0x0000000705000000| Untracked 
|  30|0x0000000705200000, 0x0000000705200000, 0x0000000705400000|  0%| F|  |TAMS 0x0000000705200000, 0x0000000705200000| Untracked 
|  31|0x0000000705400000, 0x0000000705400000, 0x0000000705600000|  0%| F|  |TAMS 0x0000000705400000, 0x0000000705400000| Untracked 
|  32|0x0000000705600000, 0x0000000705600000, 0x0000000705800000|  0%| F|  |TAMS 0x0000000705600000, 0x0000000705600000| Untracked 
|  33|0x0000000705800000, 0x0000000705800000, 0x0000000705a00000|  0%| F|  |TAMS 0x0000000705800000, 0x0000000705800000| Untracked 
|  34|0x0000000705a00000, 0x0000000705a00000, 0x0000000705c00000|  0%| F|  |TAMS 0x0000000705a00000, 0x0000000705a00000| Untracked 
|  35|0x0000000705c00000, 0x0000000705c00000, 0x0000000705e00000|  0%| F|  |TAMS 0x0000000705c00000, 0x0000000705c00000| Untracked 
|  36|0x0000000705e00000, 0x0000000705e00000, 0x0000000706000000|  0%| F|  |TAMS 0x0000000705e00000, 0x0000000705e00000| Untracked 
|  37|0x0000000706000000, 0x0000000706000000, 0x0000000706200000|  0%| F|  |TAMS 0x0000000706000000, 0x0000000706000000| Untracked 
|  38|0x0000000706200000, 0x0000000706200000, 0x0000000706400000|  0%| F|  |TAMS 0x0000000706200000, 0x0000000706200000| Untracked 
|  39|0x0000000706400000, 0x0000000706400000, 0x0000000706600000|  0%| F|  |TAMS 0x0000000706400000, 0x0000000706400000| Untracked 
|  40|0x0000000706600000, 0x0000000706600000, 0x0000000706800000|  0%| F|  |TAMS 0x0000000706600000, 0x0000000706600000| Untracked 
|  41|0x0000000706800000, 0x0000000706800000, 0x0000000706a00000|  0%| F|  |TAMS 0x0000000706800000, 0x0000000706800000| Untracked 
|  42|0x0000000706a00000, 0x0000000706a00000, 0x0000000706c00000|  0%| F|  |TAMS 0x0000000706a00000, 0x0000000706a00000| Untracked 
|  43|0x0000000706c00000, 0x0000000706c00000, 0x0000000706e00000|  0%| F|  |TAMS 0x0000000706c00000, 0x0000000706c00000| Untracked 
|  44|0x0000000706e00000, 0x0000000706e00000, 0x0000000707000000|  0%| F|  |TAMS 0x0000000706e00000, 0x0000000706e00000| Untracked 
|  45|0x0000000707000000, 0x0000000707000000, 0x0000000707200000|  0%| F|  |TAMS 0x0000000707000000, 0x0000000707000000| Untracked 
|  46|0x0000000707200000, 0x0000000707200000, 0x0000000707400000|  0%| F|  |TAMS 0x0000000707200000, 0x0000000707200000| Untracked 
|  47|0x0000000707400000, 0x0000000707400000, 0x0000000707600000|  0%| F|  |TAMS 0x0000000707400000, 0x0000000707400000| Untracked 
|  48|0x0000000707600000, 0x0000000707600000, 0x0000000707800000|  0%| F|  |TAMS 0x0000000707600000, 0x0000000707600000| Untracked 
|  49|0x0000000707800000, 0x0000000707800000, 0x0000000707a00000|  0%| F|  |TAMS 0x0000000707800000, 0x0000000707800000| Untracked 
|  50|0x0000000707a00000, 0x0000000707a00000, 0x0000000707c00000|  0%| F|  |TAMS 0x0000000707a00000, 0x0000000707a00000| Untracked 
|  51|0x0000000707c00000, 0x0000000707c00000, 0x0000000707e00000|  0%| F|  |TAMS 0x0000000707c00000, 0x0000000707c00000| Untracked 
|  52|0x0000000707e00000, 0x0000000707e00000, 0x0000000708000000|  0%| F|  |TAMS 0x0000000707e00000, 0x0000000707e00000| Untracked 
|  53|0x0000000708000000, 0x0000000708000000, 0x0000000708200000|  0%| F|  |TAMS 0x0000000708000000, 0x0000000708000000| Untracked 
|  54|0x0000000708200000, 0x0000000708200000, 0x0000000708400000|  0%| F|  |TAMS 0x0000000708200000, 0x0000000708200000| Untracked 
|  55|0x0000000708400000, 0x0000000708400000, 0x0000000708600000|  0%| F|  |TAMS 0x0000000708400000, 0x0000000708400000| Untracked 
|  56|0x0000000708600000, 0x0000000708600000, 0x0000000708800000|  0%| F|  |TAMS 0x0000000708600000, 0x0000000708600000| Untracked 
|  57|0x0000000708800000, 0x0000000708800000, 0x0000000708a00000|  0%| F|  |TAMS 0x0000000708800000, 0x0000000708800000| Untracked 
|  58|0x0000000708a00000, 0x0000000708a00000, 0x0000000708c00000|  0%| F|  |TAMS 0x0000000708a00000, 0x0000000708a00000| Untracked 
|  59|0x0000000708c00000, 0x0000000708c00000, 0x0000000708e00000|  0%| F|  |TAMS 0x0000000708c00000, 0x0000000708c00000| Untracked 
|  60|0x0000000708e00000, 0x0000000708e00000, 0x0000000709000000|  0%| F|  |TAMS 0x0000000708e00000, 0x0000000708e00000| Untracked 
|  61|0x0000000709000000, 0x0000000709000000, 0x0000000709200000|  0%| F|  |TAMS 0x0000000709000000, 0x0000000709000000| Untracked 
|  62|0x0000000709200000, 0x0000000709200000, 0x0000000709400000|  0%| F|  |TAMS 0x0000000709200000, 0x0000000709200000| Untracked 
|  63|0x0000000709400000, 0x0000000709400000, 0x0000000709600000|  0%| F|  |TAMS 0x0000000709400000, 0x0000000709400000| Untracked 
|  64|0x0000000709600000, 0x0000000709600000, 0x0000000709800000|  0%| F|  |TAMS 0x0000000709600000, 0x0000000709600000| Untracked 
|  65|0x0000000709800000, 0x0000000709800000, 0x0000000709a00000|  0%| F|  |TAMS 0x0000000709800000, 0x0000000709800000| Untracked 
|  66|0x0000000709a00000, 0x0000000709a00000, 0x0000000709c00000|  0%| F|  |TAMS 0x0000000709a00000, 0x0000000709a00000| Untracked 
|  67|0x0000000709c00000, 0x0000000709c00000, 0x0000000709e00000|  0%| F|  |TAMS 0x0000000709c00000, 0x0000000709c00000| Untracked 
|  68|0x0000000709e00000, 0x0000000709e00000, 0x000000070a000000|  0%| F|  |TAMS 0x0000000709e00000, 0x0000000709e00000| Untracked 
|  69|0x000000070a000000, 0x000000070a000000, 0x000000070a200000|  0%| F|  |TAMS 0x000000070a000000, 0x000000070a000000| Untracked 
|  70|0x000000070a200000, 0x000000070a200000, 0x000000070a400000|  0%| F|  |TAMS 0x000000070a200000, 0x000000070a200000| Untracked 
|  71|0x000000070a400000, 0x000000070a400000, 0x000000070a600000|  0%| F|  |TAMS 0x000000070a400000, 0x000000070a400000| Untracked 
|  72|0x000000070a600000, 0x000000070a600000, 0x000000070a800000|  0%| F|  |TAMS 0x000000070a600000, 0x000000070a600000| Untracked 
|  73|0x000000070a800000, 0x000000070a800000, 0x000000070aa00000|  0%| F|  |TAMS 0x000000070a800000, 0x000000070a800000| Untracked 
|  74|0x000000070aa00000, 0x000000070aa00000, 0x000000070ac00000|  0%| F|  |TAMS 0x000000070aa00000, 0x000000070aa00000| Untracked 
|  75|0x000000070ac00000, 0x000000070ac00000, 0x000000070ae00000|  0%| F|  |TAMS 0x000000070ac00000, 0x000000070ac00000| Untracked 
|  76|0x000000070ae00000, 0x000000070ae00000, 0x000000070b000000|  0%| F|  |TAMS 0x000000070ae00000, 0x000000070ae00000| Untracked 
|  77|0x000000070b000000, 0x000000070b000000, 0x000000070b200000|  0%| F|  |TAMS 0x000000070b000000, 0x000000070b000000| Untracked 
|  78|0x000000070b200000, 0x000000070b200000, 0x000000070b400000|  0%| F|  |TAMS 0x000000070b200000, 0x000000070b200000| Untracked 
|  79|0x000000070b400000, 0x000000070b400000, 0x000000070b600000|  0%| F|  |TAMS 0x000000070b400000, 0x000000070b400000| Untracked 
|  80|0x000000070b600000, 0x000000070b600000, 0x000000070b800000|  0%| F|  |TAMS 0x000000070b600000, 0x000000070b600000| Untracked 
|  81|0x000000070b800000, 0x000000070b800000, 0x000000070ba00000|  0%| F|  |TAMS 0x000000070b800000, 0x000000070b800000| Untracked 
|  82|0x000000070ba00000, 0x000000070ba00000, 0x000000070bc00000|  0%| F|  |TAMS 0x000000070ba00000, 0x000000070ba00000| Untracked 
|  83|0x000000070bc00000, 0x000000070bc00000, 0x000000070be00000|  0%| F|  |TAMS 0x000000070bc00000, 0x000000070bc00000| Untracked 
|  84|0x000000070be00000, 0x000000070be00000, 0x000000070c000000|  0%| F|  |TAMS 0x000000070be00000, 0x000000070be00000| Untracked 
|  85|0x000000070c000000, 0x000000070c000000, 0x000000070c200000|  0%| F|  |TAMS 0x000000070c000000, 0x000000070c000000| Untracked 
|  86|0x000000070c200000, 0x000000070c200000, 0x000000070c400000|  0%| F|  |TAMS 0x000000070c200000, 0x000000070c200000| Untracked 
|  87|0x000000070c400000, 0x000000070c400000, 0x000000070c600000|  0%| F|  |TAMS 0x000000070c400000, 0x000000070c400000| Untracked 
|  88|0x000000070c600000, 0x000000070c600000, 0x000000070c800000|  0%| F|  |TAMS 0x000000070c600000, 0x000000070c600000| Untracked 
|  89|0x000000070c800000, 0x000000070c800000, 0x000000070ca00000|  0%| F|  |TAMS 0x000000070c800000, 0x000000070c800000| Untracked 
|  90|0x000000070ca00000, 0x000000070ca00000, 0x000000070cc00000|  0%| F|  |TAMS 0x000000070ca00000, 0x000000070ca00000| Untracked 
|  91|0x000000070cc00000, 0x000000070cc00000, 0x000000070ce00000|  0%| F|  |TAMS 0x000000070cc00000, 0x000000070cc00000| Untracked 
|  92|0x000000070ce00000, 0x000000070ce00000, 0x000000070d000000|  0%| F|  |TAMS 0x000000070ce00000, 0x000000070ce00000| Untracked 
|  93|0x000000070d000000, 0x000000070d000000, 0x000000070d200000|  0%| F|  |TAMS 0x000000070d000000, 0x000000070d000000| Untracked 
|  94|0x000000070d200000, 0x000000070d200000, 0x000000070d400000|  0%| F|  |TAMS 0x000000070d200000, 0x000000070d200000| Untracked 
|  95|0x000000070d400000, 0x000000070d400000, 0x000000070d600000|  0%| F|  |TAMS 0x000000070d400000, 0x000000070d400000| Untracked 
|  96|0x000000070d600000, 0x000000070d600000, 0x000000070d800000|  0%| F|  |TAMS 0x000000070d600000, 0x000000070d600000| Untracked 
|  97|0x000000070d800000, 0x000000070d800000, 0x000000070da00000|  0%| F|  |TAMS 0x000000070d800000, 0x000000070d800000| Untracked 
|  98|0x000000070da00000, 0x000000070da00000, 0x000000070dc00000|  0%| F|  |TAMS 0x000000070da00000, 0x000000070da00000| Untracked 
|  99|0x000000070dc00000, 0x000000070dc00000, 0x000000070de00000|  0%| F|  |TAMS 0x000000070dc00000, 0x000000070dc00000| Untracked 
| 100|0x000000070de00000, 0x000000070de00000, 0x000000070e000000|  0%| F|  |TAMS 0x000000070de00000, 0x000000070de00000| Untracked 
| 101|0x000000070e000000, 0x000000070e000000, 0x000000070e200000|  0%| F|  |TAMS 0x000000070e000000, 0x000000070e000000| Untracked 
| 102|0x000000070e200000, 0x000000070e200000, 0x000000070e400000|  0%| F|  |TAMS 0x000000070e200000, 0x000000070e200000| Untracked 
| 103|0x000000070e400000, 0x000000070e400000, 0x000000070e600000|  0%| F|  |TAMS 0x000000070e400000, 0x000000070e400000| Untracked 
| 104|0x000000070e600000, 0x000000070e600000, 0x000000070e800000|  0%| F|  |TAMS 0x000000070e600000, 0x000000070e600000| Untracked 
| 105|0x000000070e800000, 0x000000070e800000, 0x000000070ea00000|  0%| F|  |TAMS 0x000000070e800000, 0x000000070e800000| Untracked 
| 106|0x000000070ea00000, 0x000000070ea00000, 0x000000070ec00000|  0%| F|  |TAMS 0x000000070ea00000, 0x000000070ea00000| Untracked 
| 107|0x000000070ec00000, 0x000000070ec00000, 0x000000070ee00000|  0%| F|  |TAMS 0x000000070ec00000, 0x000000070ec00000| Untracked 
| 108|0x000000070ee00000, 0x000000070ee00000, 0x000000070f000000|  0%| F|  |TAMS 0x000000070ee00000, 0x000000070ee00000| Untracked 
| 109|0x000000070f000000, 0x000000070f000000, 0x000000070f200000|  0%| F|  |TAMS 0x000000070f000000, 0x000000070f000000| Untracked 
| 110|0x000000070f200000, 0x000000070f200000, 0x000000070f400000|  0%| F|  |TAMS 0x000000070f200000, 0x000000070f200000| Untracked 
| 111|0x000000070f400000, 0x000000070f400000, 0x000000070f600000|  0%| F|  |TAMS 0x000000070f400000, 0x000000070f400000| Untracked 
| 112|0x000000070f600000, 0x000000070f600000, 0x000000070f800000|  0%| F|  |TAMS 0x000000070f600000, 0x000000070f600000| Untracked 
| 113|0x000000070f800000, 0x000000070f800000, 0x000000070fa00000|  0%| F|  |TAMS 0x000000070f800000, 0x000000070f800000| Untracked 
| 114|0x000000070fa00000, 0x000000070fa00000, 0x000000070fc00000|  0%| F|  |TAMS 0x000000070fa00000, 0x000000070fa00000| Untracked 
| 115|0x000000070fc00000, 0x000000070fe00000, 0x000000070fe00000|100%| S|CS|TAMS 0x000000070fc00000, 0x000000070fc00000| Complete 
| 116|0x000000070fe00000, 0x0000000710000000, 0x0000000710000000|100%| S|CS|TAMS 0x000000070fe00000, 0x000000070fe00000| Complete 
| 117|0x0000000710000000, 0x0000000710000000, 0x0000000710200000|  0%| F|  |TAMS 0x0000000710000000, 0x0000000710000000| Untracked 
| 118|0x0000000710200000, 0x0000000710200000, 0x0000000710400000|  0%| F|  |TAMS 0x0000000710200000, 0x0000000710200000| Untracked 
| 119|0x0000000710400000, 0x0000000710400000, 0x0000000710600000|  0%| F|  |TAMS 0x0000000710400000, 0x0000000710400000| Untracked 
| 120|0x0000000710600000, 0x0000000710600000, 0x0000000710800000|  0%| F|  |TAMS 0x0000000710600000, 0x0000000710600000| Untracked 
| 121|0x0000000710800000, 0x0000000710800000, 0x0000000710a00000|  0%| F|  |TAMS 0x0000000710800000, 0x0000000710800000| Untracked 
| 122|0x0000000710a00000, 0x0000000710a00000, 0x0000000710c00000|  0%| F|  |TAMS 0x0000000710a00000, 0x0000000710a00000| Untracked 
| 123|0x0000000710c00000, 0x0000000710c00000, 0x0000000710e00000|  0%| F|  |TAMS 0x0000000710c00000, 0x0000000710c00000| Untracked 
| 124|0x0000000710e00000, 0x0000000710e71260, 0x0000000711000000| 22%| E|  |TAMS 0x0000000710e00000, 0x0000000710e00000| Complete 
| 125|0x0000000711000000, 0x0000000711200000, 0x0000000711200000|100%| E|CS|TAMS 0x0000000711000000, 0x0000000711000000| Complete 
| 126|0x0000000711200000, 0x0000000711400000, 0x0000000711400000|100%| E|CS|TAMS 0x0000000711200000, 0x0000000711200000| Complete 
| 127|0x0000000711400000, 0x0000000711600000, 0x0000000711600000|100%| E|CS|TAMS 0x0000000711400000, 0x0000000711400000| Complete 

Card table byte_map: [0x000001cd1f4a0000,0x000001cd1fca0000] _byte_map_base: 0x000001cd1bc95000

Marking Bits (Prev, Next): (CMBitMap*) 0x000001cd060ebb70, (CMBitMap*) 0x000001cd060ebbb0
 Prev Bits: [0x000001cd204a0000, 0x000001cd24448000)
 Next Bits: [0x000001cd24450000, 0x000001cd283f8000)

Polling page: 0x000001cd06180000

Metaspace:

Usage:
  Non-class:     14.60 MB used.
      Class:      1.76 MB used.
       Both:     16.36 MB used.

Virtual space:
  Non-class space:       16.00 MB reserved,      14.69 MB ( 92%) committed,  2 nodes.
      Class space:        1.00 GB reserved,       1.88 MB ( <1%) committed,  1 nodes.
              Both:        1.02 GB reserved,      16.56 MB (  2%) committed. 

Chunk freelists:
   Non-Class:  913.00 KB
       Class:  2.08 MB
        Both:  2.97 MB

MaxMetaspaceSize: 17179869184.00 GB
CompressedClassSpaceSize: 1.00 GB
 - commit_granule_bytes: 65536.
 - commit_granule_words: 8192.
 - virtual_space_node_default_size: 1048576.
 - enlarge_chunks_in_place: 1.
 - new_chunks_are_fully_committed: 0.
 - uncommit_free_chunks: 1.
 - use_allocation_guard: 0.
 - handle_deallocations: 1.


Internal statistics:

num_allocs_failed_limit: 0.
num_arena_births: 142.
num_arena_deaths: 0.
num_vsnodes_births: 3.
num_vsnodes_deaths: 0.
num_space_committed: 265.
num_space_uncommitted: 0.
num_chunks_returned_to_freelist: 0.
num_chunks_taken_from_freelist: 313.
num_chunk_merges: 0.
num_chunk_splits: 192.
num_chunks_enlarged: 109.
num_purges: 0.

CodeHeap 'non-profiled nmethods': size=120000Kb used=1293Kb max_used=1293Kb free=118706Kb
 bounds [0x000001cd16ab0000, 0x000001cd16d20000, 0x000001cd1dfe0000]
CodeHeap 'profiled nmethods': size=120000Kb used=6430Kb max_used=6430Kb free=113569Kb
 bounds [0x000001cd0f580000, 0x000001cd0fbd0000, 0x000001cd16ab0000]
CodeHeap 'non-nmethods': size=5760Kb used=1393Kb max_used=1433Kb free=4366Kb
 bounds [0x000001cd0efe0000, 0x000001cd0f250000, 0x000001cd0f580000]
 total_blobs=3803 nmethods=3059 adapters=654
 compilation: enabled
              stopped_count=0, restarted_count=0
 full_count=0

Compilation events (20 events):
Event: 2600.629 Thread 0x000001cd2b0fd810 3052       4       sun.java2d.marlin.IntArrayCache$Reference::putArray (55 bytes)
Event: 2600.630 Thread 0x000001cd2b108230 3053       1       javax.swing.text.AbstractDocument$LeafElement::isLeaf (2 bytes)
Event: 2600.631 Thread 0x000001cd2b108230 nmethod 3053 0x000001cd16bf2a10 code [0x000001cd16bf2ba0, 0x000001cd16bf2c78]
Event: 2600.634 Thread 0x000001cd2b0fd810 nmethod 3052 0x000001cd16bf2d10 code [0x000001cd16bf2ea0, 0x000001cd16bf3198]
Event: 2601.130 Thread 0x000001cd2b108230 3054   !   3       java.util.concurrent.DelayQueue::offer (60 bytes)
Event: 2601.132 Thread 0x000001cd2b108230 nmethod 3054 0x000001cd0fbc3a90 code [0x000001cd0fbc3d40, 0x000001cd0fbc4af8]
Event: 2601.132 Thread 0x000001cd2b108230 3055       3       java.util.PriorityQueue::offer (58 bytes)
Event: 2601.133 Thread 0x000001cd2b108230 nmethod 3055 0x000001cd0fbc5190 code [0x000001cd0fbc5380, 0x000001cd0fbc5778]
Event: 2601.133 Thread 0x000001cd2b108230 3056       3       java.util.PriorityQueue::siftUp (33 bytes)
Event: 2601.133 Thread 0x000001cd2b108230 nmethod 3056 0x000001cd0fbc5910 code [0x000001cd0fbc5ae0, 0x000001cd0fbc5cd8]
Event: 2601.133 Thread 0x000001cd2b108230 3057       3       java.util.PriorityQueue::siftUpComparable (52 bytes)
Event: 2601.134 Thread 0x000001cd2b108230 nmethod 3057 0x000001cd0fbc5d90 code [0x000001cd0fbc5f80, 0x000001cd0fbc6748]
Event: 2601.134 Thread 0x000001cd2b108230 3058       3       java.util.concurrent.locks.AbstractQueuedSynchronizer$ConditionObject::signal (34 bytes)
Event: 2601.134 Thread 0x000001cd2b108230 nmethod 3058 0x000001cd0fbc6990 code [0x000001cd0fbc6b60, 0x000001cd0fbc6ec8]
Event: 2601.135 Thread 0x000001cd2b108230 3059       1       javax.swing.text.SimpleAttributeSet$EmptyAttributeSet::isDefined (2 bytes)
Event: 2601.135 Thread 0x000001cd2b108230 nmethod 3059 0x000001cd16bf3410 code [0x000001cd16bf35a0, 0x000001cd16bf3678]
Event: 2601.140 Thread 0x000001cd2b108230 3060       3       java.util.IdentityHashMap::keySet (25 bytes)
Event: 2601.140 Thread 0x000001cd2b108230 nmethod 3060 0x000001cd0fbc7010 code [0x000001cd0fbc71e0, 0x000001cd0fbc75d8]
Event: 2601.637 Thread 0x000001cd2b108230 3061       3       java.util.concurrent.locks.ReentrantReadWriteLock::readLock (5 bytes)
Event: 2601.638 Thread 0x000001cd2b108230 nmethod 3061 0x000001cd0fbc7710 code [0x000001cd0fbc78a0, 0x000001cd0fbc79d8]

GC Heap History (2 events):
Event: 47.223 GC heap before
{Heap before GC invocations=0 (full 0):
 garbage-first heap   total 262144K, used 22528K [0x0000000701600000, 0x0000000800000000)
  region size 2048K, 11 young (22528K), 0 survivors (0K)
 Metaspace       used 16251K, committed 16448K, reserved 1064960K
  class space    used 1768K, committed 1856K, reserved 1048576K
}
Event: 47.228 GC heap after
{Heap after GC invocations=1 (full 0):
 garbage-first heap   total 262144K, used 5993K [0x0000000701600000, 0x0000000800000000)
  region size 2048K, 2 young (4096K), 2 survivors (4096K)
 Metaspace       used 16251K, committed 16448K, reserved 1064960K
  class space    used 1768K, committed 1856K, reserved 1048576K
}

Deoptimization events (20 events):
Event: 570.650 Thread 0x000001cd2d07f580 Uncommon trap: trap_request=0xffffff3d fr.pc=0x000001cd16bde918 relative=0x0000000000000378
Event: 570.650 Thread 0x000001cd2d07f580 Uncommon trap: reason=unstable_fused_if action=reinterpret pc=0x000001cd16bde918 method=java.awt.EventQueue.eventToCacheIndex(Ljava/awt/AWTEvent;)I @ 4 c2
Event: 570.650 Thread 0x000001cd2d07f580 DEOPT PACKING pc=0x000001cd16bde918 sp=0x00000056cfffecf0
Event: 570.650 Thread 0x000001cd2d07f580 DEOPT UNPACKING pc=0x000001cd0f02d72e sp=0x00000056cfffebc0 mode 2
Event: 968.898 Thread 0x000001cd33219f00 Uncommon trap: trap_request=0xffffffde fr.pc=0x000001cd16bc120c relative=0x0000000000001bcc
Event: 968.898 Thread 0x000001cd33219f00 Uncommon trap: reason=class_check action=maybe_recompile pc=0x000001cd16bc120c method=sun.java2d.pipe.BufferedContext.validate(Lsun/java2d/pipe/hw/AccelSurface;Lsun/java2d/pipe/hw/AccelSurface;Lsun/java2d/pipe/Region;Ljava/awt/Composite;Ljava/awt/geom/Aff
Event: 968.898 Thread 0x000001cd33219f00 DEOPT PACKING pc=0x000001cd16bc120c sp=0x00000056d05fec90
Event: 968.898 Thread 0x000001cd33219f00 DEOPT UNPACKING pc=0x000001cd0f02d72e sp=0x00000056d05fec38 mode 2
Event: 968.921 Thread 0x000001cd2d07f580 Uncommon trap: trap_request=0xffffffde fr.pc=0x000001cd16bc120c relative=0x0000000000001bcc
Event: 968.921 Thread 0x000001cd2d07f580 Uncommon trap: reason=class_check action=maybe_recompile pc=0x000001cd16bc120c method=sun.java2d.pipe.BufferedContext.validate(Lsun/java2d/pipe/hw/AccelSurface;Lsun/java2d/pipe/hw/AccelSurface;Lsun/java2d/pipe/Region;Ljava/awt/Composite;Ljava/awt/geom/Aff
Event: 968.921 Thread 0x000001cd2d07f580 DEOPT PACKING pc=0x000001cd16bc120c sp=0x00000056cfffdfb0
Event: 968.921 Thread 0x000001cd2d07f580 DEOPT UNPACKING pc=0x000001cd0f02d72e sp=0x00000056cfffdf58 mode 2
Event: 968.922 Thread 0x000001cd2d07f580 Uncommon trap: trap_request=0xffffffde fr.pc=0x000001cd16bc18dc relative=0x000000000000229c
Event: 968.922 Thread 0x000001cd2d07f580 Uncommon trap: reason=class_check action=maybe_recompile pc=0x000001cd16bc18dc method=sun.java2d.pipe.BufferedContext.validate(Lsun/java2d/pipe/hw/AccelSurface;Lsun/java2d/pipe/hw/AccelSurface;Lsun/java2d/pipe/Region;Ljava/awt/Composite;Ljava/awt/geom/Aff
Event: 968.922 Thread 0x000001cd2d07f580 DEOPT PACKING pc=0x000001cd16bc18dc sp=0x00000056cfffd990
Event: 968.922 Thread 0x000001cd2d07f580 DEOPT UNPACKING pc=0x000001cd0f02d72e sp=0x00000056cfffd938 mode 2
Event: 970.486 Thread 0x000001cd33219f00 Uncommon trap: trap_request=0xffffffde fr.pc=0x000001cd16bc120c relative=0x0000000000001bcc
Event: 970.486 Thread 0x000001cd33219f00 Uncommon trap: reason=class_check action=maybe_recompile pc=0x000001cd16bc120c method=sun.java2d.pipe.BufferedContext.validate(Lsun/java2d/pipe/hw/AccelSurface;Lsun/java2d/pipe/hw/AccelSurface;Lsun/java2d/pipe/Region;Ljava/awt/Composite;Ljava/awt/geom/Aff
Event: 970.486 Thread 0x000001cd33219f00 DEOPT PACKING pc=0x000001cd16bc120c sp=0x00000056d05feca0
Event: 970.486 Thread 0x000001cd33219f00 DEOPT UNPACKING pc=0x000001cd0f02d72e sp=0x00000056d05fec48 mode 2

Classes unloaded (0 events):
No events

Classes redefined (0 events):
No events

Internal exceptions (20 events):
Event: 0.270 Thread 0x000001cd0609ba90 Exception <a 'java/lang/ClassNotFoundException'{0x00000007111accd8}: EditorPane> (0x00000007111accd8) 
thrown [t:\workspace\open\src\hotspot\share\classfile\systemDictionary.cpp, line 256]
Event: 0.270 Thread 0x000001cd0609ba90 Exception <a 'java/lang/ClassNotFoundException'{0x00000007111ad638}: ToolBar> (0x00000007111ad638) 
thrown [t:\workspace\open\src\hotspot\share\classfile\systemDictionary.cpp, line 256]
Event: 0.270 Thread 0x000001cd0609ba90 Exception <a 'java/lang/ClassNotFoundException'{0x00000007111adb30}: ToolBar> (0x00000007111adb30) 
thrown [t:\workspace\open\src\hotspot\share\classfile\systemDictionary.cpp, line 256]
Event: 0.270 Thread 0x000001cd0609ba90 Exception <a 'java/lang/ClassNotFoundException'{0x00000007111ade90}: Button> (0x00000007111ade90) 
thrown [t:\workspace\open\src\hotspot\share\classfile\systemDictionary.cpp, line 256]
Event: 0.270 Thread 0x000001cd0609ba90 Exception <a 'java/lang/ClassNotFoundException'{0x00000007111ae358}: ToolBar> (0x00000007111ae358) 
thrown [t:\workspace\open\src\hotspot\share\classfile\systemDictionary.cpp, line 256]
Event: 0.270 Thread 0x000001cd0609ba90 Exception <a 'java/lang/ClassNotFoundException'{0x00000007111ae6c8}: ToggleButton> (0x00000007111ae6c8) 
thrown [t:\workspace\open\src\hotspot\share\classfile\systemDictionary.cpp, line 256]
Event: 0.270 Thread 0x000001cd0609ba90 Exception <a 'java/lang/ClassNotFoundException'{0x00000007111aeb08}: javax/swing/JToolBarSeparator> (0x00000007111aeb08) 
thrown [t:\workspace\open\src\hotspot\share\classfile\systemDictionary.cpp, line 256]
Event: 0.270 Thread 0x000001cd0609ba90 Exception <a 'java/lang/ClassNotFoundException'{0x00000007111aee10}: ToolBarSeparator> (0x00000007111aee10) 
thrown [t:\workspace\open\src\hotspot\share\classfile\systemDictionary.cpp, line 256]
Event: 0.270 Thread 0x000001cd0609ba90 Exception <a 'java/lang/ClassNotFoundException'{0x00000007111af328}: ToolTip> (0x00000007111af328) 
thrown [t:\workspace\open\src\hotspot\share\classfile\systemDictionary.cpp, line 256]
Event: 0.271 Thread 0x000001cd0609ba90 Exception <a 'java/lang/ClassNotFoundException'{0x00000007111afc78}: Tree> (0x00000007111afc78) 
thrown [t:\workspace\open\src\hotspot\share\classfile\systemDictionary.cpp, line 256]
Event: 0.271 Thread 0x000001cd0609ba90 Exception <a 'java/lang/ClassNotFoundException'{0x00000007111b0170}: Tree> (0x00000007111b0170) 
thrown [t:\workspace\open\src\hotspot\share\classfile\systemDictionary.cpp, line 256]
Event: 0.271 Thread 0x000001cd0609ba90 Exception <a 'java/lang/ClassNotFoundException'{0x00000007111b04e0}: javax/swing/JTreeCell> (0x00000007111b04e0) 
thrown [t:\workspace\open\src\hotspot\share\classfile\systemDictionary.cpp, line 256]
Event: 0.271 Thread 0x000001cd0609ba90 Exception <a 'java/lang/ClassNotFoundException'{0x00000007111b07e0}: TreeCell> (0x00000007111b07e0) 
thrown [t:\workspace\open\src\hotspot\share\classfile\systemDictionary.cpp, line 256]
Event: 0.271 Thread 0x000001cd0609ba90 Exception <a 'java/lang/ClassNotFoundException'{0x00000007111b0de0}: RootPane> (0x00000007111b0de0) 
thrown [t:\workspace\open\src\hotspot\share\classfile\systemDictionary.cpp, line 256]
Event: 0.294 Thread 0x000001cd2d07f580 Exception <a 'java/lang/ClassNotFoundException'{0x00000007110f9090}: com/sun/swing/internal/plaf/synth/resources/spi/synthProvider> (0x00000007110f9090) 
thrown [t:\workspace\open\src\hotspot\share\classfile\systemDictionary.cpp, line 256]
Event: 0.371 Thread 0x000001cd2d2974e0 Exception <a 'java/lang/NoSuchMethodError'{0x0000000710ff2748}: 'java.lang.Object java.lang.invoke.DirectMethodHandle$Holder.newInvokeSpecial(java.lang.Object, java.lang.Object, java.lang.Object, int, int, int, int, int)'> (0x0000000710ff2748) 
thrown [t:\workspace\open\src\hotspot\share\interpreter\linkResolver.cpp, line 790]
Event: 1.403 Thread 0x000001cd2d07f580 Exception <a 'java/lang/NoSuchMethodError'{0x000000071087b7d0}: 'java.lang.Object java.lang.invoke.DirectMethodHandle$Holder.invokeInterface(java.lang.Object, java.lang.Object)'> (0x000000071087b7d0) 
thrown [t:\workspace\open\src\hotspot\share\interpreter\linkResolver.cpp, line 790]
Event: 1.518 Thread 0x000001cd2d07f580 Exception <a 'java/lang/NoSuchMethodError'{0x0000000710208158}: 'void java.lang.invoke.DirectMethodHandle$Holder.invokeStatic(java.lang.Object, java.lang.Object)'> (0x0000000710208158) 
thrown [t:\workspace\open\src\hotspot\share\interpreter\linkResolver.cpp, line 790]
Event: 47.353 Thread 0x000001cd2d07f580 Implicit null exception at 0x000001cd16ba4ab1 to 0x000001cd16ba6a34
Event: 47.865 Thread 0x000001cd2d07f580 Implicit null exception at 0x000001cd16afefd0 to 0x000001cd16aff033

Events (20 events):
Event: 571.121 Executing  VM operation: Cleanup
Event: 571.121 Executing  VM operation: Cleanup done
Event: 968.873 loading class java/util/WeakHashMap$KeyIterator
Event: 968.873 loading class java/util/WeakHashMap$HashIterator
Event: 968.873 loading class java/util/WeakHashMap$HashIterator done
Event: 968.873 loading class java/util/WeakHashMap$KeyIterator done
Event: 968.916 loading class javax/swing/RepaintManager$DisplayChangedRunnable
Event: 968.916 loading class javax/swing/RepaintManager$DisplayChangedRunnable done
Event: 969.243 Executing  VM operation: Cleanup
Event: 969.243 Executing  VM operation: Cleanup done
Event: 970.548 loading class java/security/DomainCombiner
Event: 970.548 loading class java/security/DomainCombiner done
Event: 971.259 Executing  VM operation: Cleanup
Event: 971.259 Executing  VM operation: Cleanup done
Event: 2600.626 loading class sun/awt/windows/WInputMethod$1
Event: 2600.626 loading class sun/awt/windows/WInputMethod$1 done
Event: 2600.627 loading class java/awt/font/TextHitInfo
Event: 2600.627 loading class java/awt/font/TextHitInfo done
Event: 2600.912 Executing  VM operation: Cleanup
Event: 2600.912 Executing  VM operation: Cleanup done


Dynamic libraries:
0x00007ff6ecde0000 - 0x00007ff6ecdf0000 	C:\Program Files\Java\jdk-16\bin\java.exe
0x00007ff98c370000 - 0x00007ff98c565000 	C:\Windows\SYSTEM32\ntdll.dll
0x00007ff98c140000 - 0x00007ff98c1fd000 	C:\Windows\System32\KERNEL32.DLL
0x00007ff989ef0000 - 0x00007ff98a1b8000 	C:\Windows\System32\KERNELBASE.dll
0x00007ff98a220000 - 0x00007ff98a320000 	C:\Windows\System32\ucrtbase.dll
0x00007ff9684b0000 - 0x00007ff9684c9000 	C:\Program Files\Java\jdk-16\bin\VCRUNTIME140.dll
0x00007ff981af0000 - 0x00007ff981b08000 	C:\Program Files\Java\jdk-16\bin\jli.dll
0x00007ff98a450000 - 0x00007ff98a4fc000 	C:\Windows\System32\ADVAPI32.dll
0x00007ff98a500000 - 0x00007ff98a59e000 	C:\Windows\System32\msvcrt.dll
0x00007ff98bec0000 - 0x00007ff98bf5b000 	C:\Windows\System32\sechost.dll
0x00007ff98ab20000 - 0x00007ff98ac4b000 	C:\Windows\System32\RPCRT4.dll
0x00007ff98a650000 - 0x00007ff98a7f0000 	C:\Windows\System32\USER32.dll
0x00007ff97db60000 - 0x00007ff97ddfa000 	C:\Windows\WinSxS\amd64_microsoft.windows.common-controls_6595b64144ccf1df_6.0.19041.844_none_ca00b6081b84eb1d\COMCTL32.dll
0x00007ff989ec0000 - 0x00007ff989ee2000 	C:\Windows\System32\win32u.dll
0x00007ff98bfc0000 - 0x00007ff98bfea000 	C:\Windows\System32\GDI32.dll
0x00007ff989c60000 - 0x00007ff989d6b000 	C:\Windows\System32\gdi32full.dll
0x00007ff989df0000 - 0x00007ff989e8d000 	C:\Windows\System32\msvcp_win.dll
0x00007ff983970000 - 0x00007ff98397a000 	C:\Windows\SYSTEM32\VERSION.dll
0x00007ff98b4f0000 - 0x00007ff98b520000 	C:\Windows\System32\IMM32.DLL
0x00007ff97b960000 - 0x00007ff97b96c000 	C:\Program Files\Java\jdk-16\bin\vcruntime140_1.dll
0x00007ff957ea0000 - 0x00007ff957f31000 	C:\Program Files\Java\jdk-16\bin\msvcp140.dll
0x00007ff954fc0000 - 0x00007ff955b6b000 	C:\Program Files\Java\jdk-16\bin\server\jvm.dll
0x00007ff98bff0000 - 0x00007ff98bff8000 	C:\Windows\System32\PSAPI.DLL
0x00007ff97df50000 - 0x00007ff97df77000 	C:\Windows\SYSTEM32\WINMM.dll
0x00007ff9857a0000 - 0x00007ff9857a9000 	C:\Windows\SYSTEM32\WSOCK32.dll
0x00007ff98ac50000 - 0x00007ff98acbb000 	C:\Windows\System32\WS2_32.dll
0x00007ff987930000 - 0x00007ff987942000 	C:\Windows\SYSTEM32\kernel.appcore.dll
0x00007ff976ff0000 - 0x00007ff976ffa000 	C:\Program Files\Java\jdk-16\bin\jimage.dll
0x00007ff983fa0000 - 0x00007ff984184000 	C:\Windows\SYSTEM32\DBGHELP.DLL
0x00007ff97de70000 - 0x00007ff97de9c000 	C:\Windows\SYSTEM32\dbgcore.DLL
0x00007ff989d70000 - 0x00007ff989df0000 	C:\Windows\System32\bcryptPrimitives.dll
0x00007ff968480000 - 0x00007ff9684a5000 	C:\Program Files\Java\jdk-16\bin\java.dll
0x00007ff98b700000 - 0x00007ff98be42000 	C:\Windows\System32\SHELL32.dll
0x00007ff987c10000 - 0x00007ff9883a1000 	C:\Windows\SYSTEM32\windows.storage.dll
0x00007ff98b190000 - 0x00007ff98b4e5000 	C:\Windows\System32\combase.dll
0x00007ff9894b0000 - 0x00007ff9894dc000 	C:\Windows\SYSTEM32\Wldp.dll
0x00007ff98a5a0000 - 0x00007ff98a64e000 	C:\Windows\System32\SHCORE.dll
0x00007ff98b130000 - 0x00007ff98b185000 	C:\Windows\System32\shlwapi.dll
0x00007ff9899f0000 - 0x00007ff989a0f000 	C:\Windows\SYSTEM32\profapi.dll
0x00007ff9683f0000 - 0x00007ff968409000 	C:\Program Files\Java\jdk-16\bin\net.dll
0x00007ff9834f0000 - 0x00007ff9835fb000 	C:\Windows\SYSTEM32\WINHTTP.dll
0x00007ff9891c0000 - 0x00007ff98922a000 	C:\Windows\system32\mswsock.dll
0x00007ff968260000 - 0x00007ff968273000 	C:\Program Files\Java\jdk-16\bin\nio.dll
0x00007ff968500000 - 0x00007ff968518000 	C:\Program Files\Java\jdk-16\bin\zip.dll
0x00007ff957600000 - 0x00007ff957780000 	C:\Program Files\Java\jdk-16\bin\awt.dll
0x00007ff98aa50000 - 0x00007ff98ab1d000 	C:\Windows\System32\OLEAUT32.dll
0x00007ff987480000 - 0x00007ff987510000 	C:\Windows\SYSTEM32\apphelp.dll
0x00007ff987900000 - 0x00007ff98792f000 	C:\Windows\system32\DWMAPI.DLL
0x00007ff987550000 - 0x00007ff9875ee000 	C:\Windows\system32\uxtheme.dll
0x00007ff9739d0000 - 0x00007ff973af6000 	C:\Windows\system32\opengl32.dll
0x00007ff97b970000 - 0x00007ff97b99c000 	C:\Windows\SYSTEM32\GLU32.dll
0x00007ff98a7f0000 - 0x00007ff98a905000 	C:\Windows\System32\MSCTF.dll
0x0000000180000000 - 0x00000001803cc000 	C:\Program Files (x86)\RivaTuner Statistics Server\RTSSHooks64.dll
0x00007ff98acc0000 - 0x00007ff98b129000 	C:\Windows\System32\SETUPAPI.dll
0x00007ff989c10000 - 0x00007ff989c5e000 	C:\Windows\System32\cfgmgr32.dll
0x00007ff989e90000 - 0x00007ff989eb7000 	C:\Windows\System32\bcrypt.dll
0x00007ff98c200000 - 0x00007ff98c32a000 	C:\Windows\System32\ole32.dll
0x00007ff962a80000 - 0x00007ff962c4e000 	C:\Windows\system32\d3d9.dll
0x00007ff978ff0000 - 0x00007ff9791cb000 	C:\Windows\System32\DriverStore\FileRepository\u0363193.inf_amd64_e89a8015b2ee3cd6\B363259\aticfx64.dll
0x00007ff973ff0000 - 0x00007ff974023000 	C:\Windows\System32\DriverStore\FileRepository\u0363193.inf_amd64_e89a8015b2ee3cd6\B363259\atiu9p64.dll
0x00007ff9529a0000 - 0x00007ff9536b2000 	C:\Windows\System32\DriverStore\FileRepository\u0363193.inf_amd64_e89a8015b2ee3cd6\B363259\atiumd64.dll
0x0000000069d10000 - 0x000000006abcc000 	C:\Windows\System32\DriverStore\FileRepository\u0363193.inf_amd64_e89a8015b2ee3cd6\B363259\atiumd6a.dll
0x00007ff989540000 - 0x00007ff98958b000 	C:\Windows\SYSTEM32\POWRPROF.dll
0x00007ff9894e0000 - 0x00007ff9894f2000 	C:\Windows\SYSTEM32\UMPDC.dll
0x00007ff977070000 - 0x00007ff9770a0000 	C:\Windows\SYSTEM32\amdihk64.dll
0x00007ff9791d0000 - 0x00007ff97920b000 	C:\Windows\SYSTEM32\dxcore.dll
0x00007ff962950000 - 0x00007ff9629d9000 	C:\Program Files\Java\jdk-16\bin\freetype.dll
0x00007ff957500000 - 0x00007ff9575f6000 	C:\Program Files\Java\jdk-16\bin\harfbuzz.dll
0x00007ff9684e0000 - 0x00007ff9684f2000 	C:\Program Files\Java\jdk-16\bin\fontmanager.dll
0x00007ff97b9a0000 - 0x00007ff97ba99000 	C:\Windows\SYSTEM32\textinputframework.dll
0x00007ff986e90000 - 0x00007ff9871ee000 	C:\Windows\System32\CoreUIComponents.dll
0x00007ff9871f0000 - 0x00007ff9872e2000 	C:\Windows\System32\CoreMessaging.dll
0x00007ff986770000 - 0x00007ff9868c4000 	C:\Windows\SYSTEM32\wintypes.dll
0x00007ff9887f0000 - 0x00007ff988823000 	C:\Windows\SYSTEM32\ntmarta.dll
0x00007ff98c090000 - 0x00007ff98c139000 	C:\Windows\System32\clbcatq.dll
0x00007ff979d80000 - 0x00007ff979f34000 	C:\Windows\SYSTEM32\WindowsCodecs.dll
0x00007ff976f90000 - 0x00007ff976fce000 	C:\Windows\system32\dataexchange.dll
0x00007ff986060000 - 0x00007ff9862c4000 	C:\Windows\system32\d3d11.dll
0x00007ff986920000 - 0x00007ff986b05000 	C:\Windows\system32\dcomp.dll
0x00007ff9883f0000 - 0x00007ff9884e3000 	C:\Windows\system32\dxgi.dll
0x00007ff97cf90000 - 0x00007ff97d191000 	C:\Windows\system32\twinapi.appcore.dll
0x00007ff976e40000 - 0x00007ff976e50000 	C:\Program Files\Java\jdk-16\bin\verify.dll
0x00007ff988ef0000 - 0x00007ff988fbc000 	C:\Windows\SYSTEM32\DNSAPI.dll
0x00007ff988eb0000 - 0x00007ff988eeb000 	C:\Windows\SYSTEM32\IPHLPAPI.DLL
0x00007ff98be50000 - 0x00007ff98be58000 	C:\Windows\System32\NSI.dll
0x00007ff9832c0000 - 0x00007ff9832ca000 	C:\Windows\System32\rasadhlp.dll
0x00007ff982ef0000 - 0x00007ff982f6f000 	C:\Windows\System32\fwpuclnt.dll

dbghelp: loaded successfully - version: 4.0.5 - missing functions: none
symbol engine: initialized successfully - sym options: 0x614 - pdb path: .;C:\Program Files\Java\jdk-16\bin;C:\Windows\SYSTEM32;C:\Windows\WinSxS\amd64_microsoft.windows.common-controls_6595b64144ccf1df_6.0.19041.844_none_ca00b6081b84eb1d;C:\Program Files\Java\jdk-16\bin\server;C:\Program Files (x86)\RivaTuner Statistics Server;C:\Windows\System32\DriverStore\FileRepository\u0363193.inf_amd64_e89a8015b2ee3cd6\B363259

VM Arguments:
java_command: com.mycompany.projetintegre.JfMain
java_class_path (initial): C:\Users\PC GAMER\Documents\NetBeansProjects\projetIntegre\target\classes;C:\Users\PC GAMER\.m2\repository\mysql\mysql-connector-java\5.1.36\mysql-connector-java-5.1.36.jar;C:\Users\PC GAMER\.m2\repository\org\netbeans\external\AbsoluteLayout\RELEASE123\AbsoluteLayout-RELEASE123.jar;C:\Users\PC GAMER\.m2\repository\unknown\binary\KGradientPanel\SNAPSHOT\KGradientPanel-SNAPSHOT.jar
Launcher Type: SUN_STANDARD

[Global flags]
     intx CICompilerCount                          = 4                                         {product} {ergonomic}
     uint ConcGCThreads                            = 3                                         {product} {ergonomic}
     uint G1ConcRefinementThreads                  = 10                                        {product} {ergonomic}
   size_t G1HeapRegionSize                         = 2097152                                   {product} {ergonomic}
    uintx GCDrainStackTargetSize                   = 64                                        {product} {ergonomic}
   size_t InitialHeapSize                          = 268435456                                 {product} {ergonomic}
   size_t MarkStackSize                            = 4194304                                   {product} {ergonomic}
   size_t MaxHeapSize                              = 4271898624                                {product} {ergonomic}
   size_t MaxNewSize                               = 2562719744                                {product} {ergonomic}
   size_t MinHeapDeltaBytes                        = 2097152                                   {product} {ergonomic}
   size_t MinHeapSize                              = 8388608                                   {product} {ergonomic}
    uintx NonNMethodCodeHeapSize                   = 5839372                                {pd product} {ergonomic}
    uintx NonProfiledCodeHeapSize                  = 122909434                              {pd product} {ergonomic}
    uintx ProfiledCodeHeapSize                     = 122909434                              {pd product} {ergonomic}
    uintx ReservedCodeCacheSize                    = 251658240                              {pd product} {ergonomic}
     bool SegmentedCodeCache                       = true                                      {product} {ergonomic}
   size_t SoftMaxHeapSize                          = 4271898624                             {manageable} {ergonomic}
     bool UseCompressedClassPointers               = true                           {product lp64_product} {ergonomic}
     bool UseCompressedOops                        = true                           {product lp64_product} {ergonomic}
     bool UseG1GC                                  = true                                      {product} {ergonomic}
     bool UseLargePagesIndividualAllocation        = false                                  {pd product} {ergonomic}

Logging:
Log output configuration:
 #0: stdout all=warning uptime,level,tags
 #1: stderr all=off uptime,level,tags

Environment Variables:
JAVA_HOME=C:\Program Files\Java\jdk-16
PATH=C:\Program Files\Common Files\Oracle\Java\javapath;C:\Windows\system32;C:\Windows;C:\Windows\System32\Wbem;C:\Windows\System32\WindowsPowerShell\v1.0\;C:\Windows\System32\OpenSSH\;C:\TDM-GCC-64\bin;C:\Users\PC GAMER\AppData\Local\Microsoft\WindowsApps;
USERNAME=PC GAMER
OS=Windows_NT
PROCESSOR_IDENTIFIER=Intel64 Family 6 Model 165 Stepping 3, GenuineIntel



---------------  S Y S T E M  ---------------

OS:
 Windows 10 , 64 bit Build 19041 (10.0.19041.928)
OS uptime: 13 days 20:45 hours

CPU: total 12 (initial active 12) (6 cores per cpu, 2 threads per core) family 6 model 165 stepping 3 microcode 0xe0, cx8, cmov, fxsr, ht, mmx, 3dnowpref, sse, sse2, sse3, ssse3, sse4.1, sse4.2, popcnt, lzcnt, tsc, tscinvbit, avx, avx2, aes, erms, clmul, bmi1, bmi2, adx, fma, vzeroupper, clflush, clflushopt

Memory: 4k page, system-wide physical 16292M (9224M free)
TotalPageFile size 18724M (AvailPageFile size 7873M)
current process WorkingSet (physical memory assigned to process): 170M, peak: 207M
current process commit charge ("private bytes"): 515M, peak: 544M

vm_info: Java HotSpot(TM) 64-Bit Server VM (16+36-2231) for windows-amd64 JRE (16+36-2231), built on Feb  8 2021 11:43:10 by "mach5one" with MS VC++ 16.7 (VS2019)

END.
